This is pdfTeX, Version 3.14159265-2.6-1.40.17 (TeX Live 2016) (preloaded format=pdflatex 2016.10.14)  3 JUN 2019 16:42
entering extended mode
 restricted \write18 enabled.
 file:line:error style messages enabled.
 %&-line parsing enabled.
**skeleton.tex
(./skeleton.tex
LaTeX2e <2016/03/31>
Babel <3.9r> and hyphenation patterns for 83 language(s) loaded.
(./nuthesis.cls
Document Class: nuthesis 2013/05/23 v0.7.1 University of Nebraska Thesis class
(/usr/local/texlive/2016/texmf-dist/tex/latex/base/ifthen.sty
Package: ifthen 2014/09/29 v1.1c Standard LaTeX ifthen package (DPC)
)
(/usr/local/texlive/2016/texmf-dist/tex/latex/graphics/keyval.sty
Package: keyval 2014/10/28 v1.15 key=value parser (DPC)
\KV@toks@=\toks14
)
(/usr/local/texlive/2016/texmf-dist/tex/latex/setspace/setspace.sty
Package: setspace 2011/12/19 v6.7a set line spacing
)
(/usr/local/texlive/2016/texmf-dist/tex/latex/koma-script/scrtime.sty
Package: scrtime 2016/05/10 v3.20 KOMA-Script package (time of LaTeX run)

(/usr/local/texlive/2016/texmf-dist/tex/latex/koma-script/scrkbase.sty
Package: scrkbase 2016/05/10 v3.20 KOMA-Script package (KOMA-Script-dependent b
asics and keyval usage)

(/usr/local/texlive/2016/texmf-dist/tex/latex/koma-script/scrbase.sty
Package: scrbase 2016/05/10 v3.20 KOMA-Script package (KOMA-Script-independent 
basics and keyval usage)

(/usr/local/texlive/2016/texmf-dist/tex/latex/koma-script/scrlfile.sty
Package: scrlfile 2016/05/10 v3.20 KOMA-Script package (loading files)

Package scrlfile, 2016/05/10 v3.20 KOMA-Script package (loading files)
                  Copyright (C) Markus Kohm

)))) (/usr/local/texlive/2016/texmf-dist/tex/latex/memoir/memoir.cls
Document Class: memoir 2016/05/16 v3.7f configurable book, report, article docu
ment class
\onelineskip=\skip41
\lxvchars=\skip42
\xlvchars=\skip43
\@memcnta=\count79
\c@@memmarkcntra=\count80
(/usr/local/texlive/2016/texmf-dist/tex/generic/oberdiek/ifpdf.sty
Package: ifpdf 2016/05/14 v3.1 Provides the ifpdf switch
)
(/usr/local/texlive/2016/texmf-dist/tex/latex/ifetex/ifetex.sty
Package: ifetex 2011/12/15 v1.2 ifetex

(/usr/local/texlive/2016/texmf-dist/tex/plain/ifetex/ifetex.tex))
(/usr/local/texlive/2016/texmf-dist/tex/generic/ifxetex/ifxetex.sty
Package: ifxetex 2010/09/12 v0.6 Provides ifxetex conditional
)
(/usr/local/texlive/2016/texmf-dist/tex/generic/oberdiek/ifluatex.sty
Package: ifluatex 2016/05/16 v1.4 Provides the ifluatex switch (HO)
Package ifluatex Info: LuaTeX not detected.
)
\stockheight=\skip44
\stockwidth=\skip45
\trimtop=\skip46
\trimedge=\skip47

(/usr/local/texlive/2016/texmf-dist/tex/latex/memoir/mem12.clo
File: mem12.clo 2010/10/19 v0.4b memoir class 12pt size option
)
\binding=\skip48
\spinemargin=\skip49
\foremargin=\skip50
\uppermargin=\skip51
\lowermargin=\skip52
\headdrop=\skip53
\normalrulethickness=\skip54
\mem@maxheadheight=\skip55
\mem@maxfootheight=\skip56
\headwidth=\skip57
\c@storedpagenumber=\count81
\memPD=\dimen102
\m@mabparskip=\skip58
\thanksmarkwidth=\skip59
\thanksmarksep=\skip60
\droptitle=\skip61
\c@book=\count82
\c@part=\count83
\c@chapter=\count84
\c@section=\count85
\c@subsection=\count86
\c@subsubsection=\count87
\c@paragraph=\count88
\c@subparagraph=\count89
\beforechapskip=\skip62
\midchapskip=\skip63
\afterchapskip=\skip64
\chapindent=\skip65
\bottomsectionskip=\skip66
\secindent=\skip67
\beforesecskip=\skip68
\aftersecskip=\skip69
\subsecindent=\skip70
\beforesubsecskip=\skip71
\aftersubsecskip=\skip72
\subsubsecindent=\skip73
\beforesubsubsecskip=\skip74
\aftersubsubsecskip=\skip75
\paraindent=\skip76
\beforeparaskip=\skip77
\afterparaskip=\skip78
\subparaindent=\skip79
\beforesubparaskip=\skip80
\aftersubparaskip=\skip81
\pfbreakskip=\skip82
\c@@ppsavesec=\count90
\c@@ppsaveapp=\count91
\ragrparindent=\dimen103
\everylistparindent=\dimen104
\parsepi=\skip83
\topsepi=\skip84
\itemsepi=\skip85
\parsepii=\skip86
\topsepii=\skip87
\topsepiii=\skip88
\itemsepii=\skip89
\itemsepiii=\skip90
\partopsepii=\skip91
\partopsepiii=\skip92
\m@msavetopsep=\skip93
\m@msavepartopsep=\skip94
\@enLab=\toks15
\abstitleskip=\skip95
\absleftindent=\skip96
\abs@leftindent=\dimen105
\absrightindent=\skip97
\absparindent=\skip98
\absparsep=\skip99
\c@vslineno=\count92
\c@poemline=\count93
\c@modulo@vs=\count94
\c@memfvsline=\count95
\vleftskip=\skip100
\vrightskip=\skip101
\stanzaskip=\skip102
\versewidth=\skip103
\vgap=\skip104
\vindent=\skip105
\vleftmargin=\dimen106
\c@verse=\count96
\c@chrsinstr=\count97
\beforepoemtitleskip=\skip106
\afterpoemtitleskip=\skip107
\c@poem=\count98
\beforePoemTitleskip=\skip108
\midPoemTitleskip=\skip109
\afterPoemTitleskip=\skip110
\col@sep=\dimen107
\extrarowheight=\dimen108
\NC@list=\toks16
\extratabsurround=\skip111
\backup@length=\skip112
\TX@col@width=\dimen109
\TX@old@table=\dimen110
\TX@old@col=\dimen111
\TX@target=\dimen112
\TX@delta=\dimen113
\TX@cols=\count99
\TX@ftn=\toks17
\heavyrulewidth=\dimen114
\lightrulewidth=\dimen115
\cmidrulewidth=\dimen116
\belowrulesep=\dimen117
\belowbottomsep=\dimen118
\aboverulesep=\dimen119
\abovetopsep=\dimen120
\cmidrulesep=\dimen121
\cmidrulekern=\dimen122
\defaultaddspace=\dimen123
\@cmidla=\count100
\@cmidlb=\count101
\@aboverulesep=\dimen124
\@belowrulesep=\dimen125
\@thisruleclass=\count102
\@lastruleclass=\count103
\@thisrulewidth=\dimen126
\ctableftskip=\skip113
\ctabrightskip=\skip114
\abovecolumnspenalty=\count104
\@linestogo=\count105
\@cellstogo=\count106
\@cellsincolumn=\count107
\crtok=\toks18
\@mincolumnwidth=\dimen127
\c@newflo@tctr=\count108
\mem@margin@floatbox=\box26
\@contcwidth=\skip115
\@contindw=\skip116
\abovecaptionskip=\skip117
\belowcaptionskip=\skip118
\subfloattopskip=\skip119
\subfloatcapskip=\skip120
\subfloatcaptopadj=\skip121
\subfloatbottomskip=\skip122
\subfloatlabelskip=\skip123
\subfloatcapmargin=\dimen128
\c@@contsubnum=\count109
\m@mscap@capbox=\box27
\m@mscap@fbox=\box28
\sidecapsep=\dimen129
\sidecapwidth=\dimen130
\m@m@tempdima=\dimen131
\m@mscapraise=\dimen132
\sidecapraise=\dimen133
\m@mscapmainwidth=\dimen134
\m@mscaplkern=\dimen135
\beforeepigraphskip=\skip124
\afterepigraphskip=\skip125
\epigraphwidth=\skip126
\epigraphrule=\skip127
LaTeX Info: Redefining \em on input line 7551.
LaTeX Info: Redefining \emph on input line 7559.
\tocentryskip=\skip128
\tocbaseline=\skip129
\cftparskip=\skip130
\cftbeforebookskip=\skip131
\cftbookindent=\dimen136
\cftbooknumwidth=\dimen137
\cftbeforepartskip=\skip132
\cftpartindent=\skip133
\cftpartnumwidth=\skip134
\cftbeforechapterskip=\skip135
\cftchapterindent=\skip136
\cftchapternumwidth=\skip137
\cftbeforesectionskip=\skip138
\cftsectionindent=\skip139
\cftsectionnumwidth=\skip140
\cftbeforesubsectionskip=\skip141
\cftsubsectionindent=\skip142
\cftsubsectionnumwidth=\skip143
\cftbeforesubsubsectionskip=\skip144
\cftsubsubsectionindent=\skip145
\cftsubsubsectionnumwidth=\skip146
\cftbeforeparagraphskip=\skip147
\cftparagraphindent=\skip148
\cftparagraphnumwidth=\skip149
\cftbeforesubparagraphskip=\skip150
\cftsubparagraphindent=\skip151
\cftsubparagraphnumwidth=\skip152
\prechapterprecisshift=\dimen138
\c@maxsecnumdepth=\count110
\bibindent=\dimen139
\bibitemsep=\skip153
\indexcolsep=\skip154
\indexrule=\skip155
\indexmarkstyle=\toks19
\@indexbox=\insert199
\glossarycolsep=\dimen140
\glossaryrule=\dimen141
\sideparvshift=\skip156
\sideins=\insert198
\sidebartopsep=\skip157
\sidebarhsep=\skip158
\sidebarvsep=\skip159
\sidebarwidth=\skip160
\footmarkwidth=\skip161
\footmarksep=\skip162
\footparindent=\skip163
\footinsdim=\skip164
\footinsv@r=\insert197
\@mpfootinsv@r=\insert196
\m@m@k=\count111
\m@m@h=\dimen142
\m@mipn@skip=\skip165
\sidefootins=\insert195
\sidefootadjust=\skip166
\sidefootheight=\skip167
\sidefoothsep=\skip168
\sidefootvsep=\skip169
\sidefootwidth=\skip170
\m@mdownsf=\skip171
\c@sidefootnote=\count112
\sidefootmarkwidth=\skip172
\sidefootmarksep=\skip173
\sidefootparindent=\skip174
\c@pagenote=\count113
\c@pagenoteshadow=\count114
\mem@pn@lastkern=\skip175
\every@verbatim=\toks20
\afterevery@verbatim=\toks21
\verbatim@line=\toks22
\tab@position=\count115
\verbatim@in@stream=\read1
\verbatimindent=\skip176
\verbatim@out=\write3
\bvboxsep=\skip177
\c@memfbvline=\count116
\c@bvlinectr=\count117
\bvnumlength=\skip178
\fb@frw=\dimen143
\fb@frh=\dimen144
\FrameRule=\dimen145
\FrameSep=\dimen146
\c@cp@cntr=\count118
LaTeX Info: Redefining \: on input line 12068.
LaTeX Info: Redefining \! on input line 12070.
\c@ism@mctr=\count119
\c@xsm@mctr=\count120
\c@csm@mctr=\count121
\c@ksm@mctr=\count122
\c@xksm@mctr=\count123
\c@cksm@mctr=\count124
\c@msm@mctr=\count125
\c@xmsm@mctr=\count126
\c@cmsm@mctr=\count127
\c@bsm@mctr=\count128
\c@workm@mctr=\count129
\c@sheetsequence=\count130
\c@lastsheet=\count131
\c@lastpage=\count132
\c@figure=\count133
\c@lofdepth=\count134
\cftbeforefigureskip=\skip179
\cftfigureindent=\skip180
\cftfigurenumwidth=\skip181
\c@table=\count135
\c@lotdepth=\count136
\cftbeforetableskip=\skip182
\cfttableindent=\skip183
\cfttablenumwidth=\skip184
Package abstract [2008/07/23] emulated by memoir.
Package appendix [2008/07/23] emulated by memoir.
Package array [2008/09/09] emulated by memoir.
Package booktabs [2016/05/16] emulated by memoir.
Package ccaption [2008/07/23] emulated by memoir.
Package changepage [2008/07/23] emulated by memoir.
Package chngcntr [2008/07/23] emulated by memoir.
Package chngpage [2008/07/23] emulated by memoir.
Package crop emulated by memoir.
Package dcolumn [2008/07/23] emulated by memoir.
Package delarray [2008/07/23] emulated by memoir.
Package enumerate [2008/07/23] emulated by memoir.
Package epigraph [2008/07/23] emulated by memoir.
Package ifmtarg [2008/07/23] emulated by memoir.
Package index [2008/07/23] emulated by memoir.
Package makeidx [2008/07/23] emulated by memoir.
Package moreverb [2008/07/23] emulated by memoir.
Package mparhack [2008/07/23] emulated by memoir.
Package needspace [2008/07/23] emulated by memoir.
Package newfile [2008/07/23] emulated by memoir.
Package nextpage [2008/07/23] emulated by memoir.
Package pagenote [2008/07/23] emulated by memoir.
Package parskip [2008/07/23] emulated by memoir.
Package patchcmd [2008/07/23] emulated by memoir.
Package setspace [2008/07/23] emulated by memoir.
Package shortvrb [2008/07/23] emulated by memoir.
Package showidx [2008/07/23] emulated by memoir.
Package tabularx [2008/07/23] emulated by memoir.
Package titleref [2008/07/23] emulated by memoir.
Package titling [2008/07/23] emulated by memoir.
Package tocbibind [2008/07/23] emulated by memoir.
Package tocloft [2008/07/23] emulated by memoir.
Package tocvsec2 [2008/07/23] emulated by memoir.
Package verbatim [2008/07/23] emulated by memoir.
Package verse [2008/07/23] emulated by memoir.

(/usr/local/texlive/2016/texmf-dist/tex/latex/memoir/mempatch.sty
Package: mempatch 2009/07/24 v6.0f Patches for memoir class v1.6180339
))
(/usr/local/texlive/2016/texmf-dist/tex/latex/geometry/geometry.sty
Package: geometry 2010/09/12 v5.6 Page Geometry

(/usr/local/texlive/2016/texmf-dist/tex/generic/oberdiek/ifvtex.sty
Package: ifvtex 2016/05/16 v1.6 Detect VTeX and its facilities (HO)
Package ifvtex Info: VTeX not detected.
)
\Gm@cnth=\count137
\Gm@cntv=\count138
\c@Gm@tempcnt=\count139
\Gm@bindingoffset=\dimen147
\Gm@wd@mp=\dimen148
\Gm@odd@mp=\dimen149
\Gm@even@mp=\dimen150
\Gm@layoutwidth=\dimen151
\Gm@layoutheight=\dimen152
\Gm@layouthoffset=\dimen153
\Gm@layoutvoffset=\dimen154
\Gm@dimlist=\toks23
))
(/usr/local/texlive/2016/texmf-dist/tex/latex/tools/multicol.sty
Package: multicol 2016/04/07 v1.8p multicolumn formatting (FMi)
\c@tracingmulticols=\count140
\mult@box=\box29
\multicol@leftmargin=\dimen155
\c@unbalance=\count141
\c@collectmore=\count142
\doublecol@number=\count143
\multicoltolerance=\count144
\multicolpretolerance=\count145
\full@width=\dimen156
\page@free=\dimen157
\premulticols=\dimen158
\postmulticols=\dimen159
\multicolsep=\skip185
\multicolbaselineskip=\skip186
\partial@page=\box30
\last@line=\box31
\maxbalancingoverflow=\dimen160
\mult@rightbox=\box32
\mult@grightbox=\box33
\mult@gfirstbox=\box34
\mult@firstbox=\box35
\@tempa=\box36
\@tempa=\box37
\@tempa=\box38
\@tempa=\box39
\@tempa=\box40
\@tempa=\box41
\@tempa=\box42
\@tempa=\box43
\@tempa=\box44
\@tempa=\box45
\@tempa=\box46
\@tempa=\box47
\@tempa=\box48
\@tempa=\box49
\@tempa=\box50
\@tempa=\box51
\@tempa=\box52
\c@columnbadness=\count146
\c@finalcolumnbadness=\count147
\last@try=\dimen161
\multicolovershoot=\dimen162
\multicolundershoot=\dimen163
\mult@nat@firstbox=\box53
\colbreak@box=\box54
\mc@col@check@num=\count148
)
(./nuthesis/sections/Hbb-definitions.tex)
(./nuthesis/sections/pennames-pazo.sty)
(./nuthesis/sections/ptdr-definitions.sty)
(/usr/local/texlive/2016/texmf-dist/tex/latex/graphics/graphicx.sty
Package: graphicx 2014/10/28 v1.0g Enhanced LaTeX Graphics (DPC,SPQR)

(/usr/local/texlive/2016/texmf-dist/tex/latex/graphics/graphics.sty
Package: graphics 2016/05/09 v1.0r Standard LaTeX Graphics (DPC,SPQR)

(/usr/local/texlive/2016/texmf-dist/tex/latex/graphics/trig.sty
Package: trig 2016/01/03 v1.10 sin cos tan (DPC)
)
(/usr/local/texlive/2016/texmf-dist/tex/latex/graphics-cfg/graphics.cfg
File: graphics.cfg 2016/01/02 v1.10 sample graphics configuration
)
Package graphics Info: Driver file: pdftex.def on input line 96.

(/usr/local/texlive/2016/texmf-dist/tex/latex/pdftex-def/pdftex.def
File: pdftex.def 2011/05/27 v0.06d Graphics/color for pdfTeX

(/usr/local/texlive/2016/texmf-dist/tex/generic/oberdiek/infwarerr.sty
Package: infwarerr 2016/05/16 v1.4 Providing info/warning/error messages (HO)
)
(/usr/local/texlive/2016/texmf-dist/tex/generic/oberdiek/ltxcmds.sty
Package: ltxcmds 2016/05/16 v1.23 LaTeX kernel commands for general use (HO)
)
\Gread@gobject=\count149
))
\Gin@req@height=\dimen164
\Gin@req@width=\dimen165
)
(/usr/local/texlive/2016/texmf-dist/tex/latex/psnfss/times.sty
Package: times 2005/04/12 PSNFSS-v9.2a (SPQR) 
)
(/usr/local/texlive/2016/texmf-dist/tex/latex/oberdiek/epstopdf.sty
Package: epstopdf 2016/05/15 v2.6 Conversion with epstopdf on the fly (HO)

(/usr/local/texlive/2016/texmf-dist/tex/latex/oberdiek/epstopdf-base.sty
Package: epstopdf-base 2016/05/15 v2.6 Base part for package epstopdf

(/usr/local/texlive/2016/texmf-dist/tex/latex/oberdiek/grfext.sty
Package: grfext 2016/05/16 v1.2 Manage graphics extensions (HO)

(/usr/local/texlive/2016/texmf-dist/tex/generic/oberdiek/kvdefinekeys.sty
Package: kvdefinekeys 2016/05/16 v1.4 Define keys (HO)
))
(/usr/local/texlive/2016/texmf-dist/tex/latex/oberdiek/kvoptions.sty
Package: kvoptions 2016/05/16 v3.12 Key value format for package options (HO)

(/usr/local/texlive/2016/texmf-dist/tex/generic/oberdiek/kvsetkeys.sty
Package: kvsetkeys 2016/05/16 v1.17 Key value parser (HO)

(/usr/local/texlive/2016/texmf-dist/tex/generic/oberdiek/etexcmds.sty
Package: etexcmds 2016/05/16 v1.6 Avoid name clashes with e-TeX commands (HO)
Package etexcmds Info: Could not find \expanded.
(etexcmds)             That can mean that you are not using pdfTeX 1.50 or
(etexcmds)             that some package has redefined \expanded.
(etexcmds)             In the latter case, load this package earlier.
)))
(/usr/local/texlive/2016/texmf-dist/tex/generic/oberdiek/pdftexcmds.sty
Package: pdftexcmds 2016/05/10 v0.21 Utility functions of pdfTeX for LuaTeX (HO
)
Package pdftexcmds Info: LuaTeX not detected.
Package pdftexcmds Info: \pdf@primitive is available.
Package pdftexcmds Info: \pdf@ifprimitive is available.
Package pdftexcmds Info: \pdfdraftmode found.
)
Package grfext Info: Graphics extension search list:
(grfext)             [.png,.pdf,.jpg,.mps,.jpeg,.jbig2,.jb2,.PNG,.PDF,.JPG,.JPE
G,.JBIG2,.JB2,.eps]
(grfext)             \AppendGraphicsExtensions on input line 456.

(/usr/local/texlive/2016/texmf-dist/tex/latex/latexconfig/epstopdf-sys.cfg
File: epstopdf-sys.cfg 2010/07/13 v1.3 Configuration of (r)epstopdf for TeX Liv
e
)))
(/usr/local/texlive/2016/texmf-dist/tex/latex/amsmath/amsmath.sty
Package: amsmath 2016/03/10 v2.15b AMS math features
\@mathmargin=\skip187

For additional information on amsmath, use the `?' option.
(/usr/local/texlive/2016/texmf-dist/tex/latex/amsmath/amstext.sty
Package: amstext 2000/06/29 v2.01 AMS text

(/usr/local/texlive/2016/texmf-dist/tex/latex/amsmath/amsgen.sty
File: amsgen.sty 1999/11/30 v2.0 generic functions
\@emptytoks=\toks24
\ex@=\dimen166
))
(/usr/local/texlive/2016/texmf-dist/tex/latex/amsmath/amsbsy.sty
Package: amsbsy 1999/11/29 v1.2d Bold Symbols
\pmbraise@=\dimen167
)
(/usr/local/texlive/2016/texmf-dist/tex/latex/amsmath/amsopn.sty
Package: amsopn 2016/03/08 v2.02 operator names
)
\inf@bad=\count150
LaTeX Info: Redefining \frac on input line 199.
\uproot@=\count151
\leftroot@=\count152
LaTeX Info: Redefining \overline on input line 297.
\classnum@=\count153
\DOTSCASE@=\count154
LaTeX Info: Redefining \ldots on input line 394.
LaTeX Info: Redefining \dots on input line 397.
LaTeX Info: Redefining \cdots on input line 518.
\Mathstrutbox@=\box55
\strutbox@=\box56
\big@size=\dimen168
LaTeX Font Info:    Redeclaring font encoding OML on input line 634.
LaTeX Font Info:    Redeclaring font encoding OMS on input line 635.
\macc@depth=\count155
\c@MaxMatrixCols=\count156
\dotsspace@=\muskip10
\c@parentequation=\count157
\dspbrk@lvl=\count158
\tag@help=\toks25
\row@=\count159
\column@=\count160
\maxfields@=\count161
\andhelp@=\toks26
\eqnshift@=\dimen169
\alignsep@=\dimen170
\tagshift@=\dimen171
\tagwidth@=\dimen172
\totwidth@=\dimen173
\lineht@=\dimen174
\@envbody=\toks27
\multlinegap=\skip188
\multlinetaggap=\skip189
\mathdisplay@stack=\toks28
LaTeX Info: Redefining \[ on input line 2739.
LaTeX Info: Redefining \] on input line 2740.
)
(/usr/local/texlive/2016/texmf-dist/tex/latex/algorithms/algorithm.sty
Package: algorithm 2009/08/24 v0.1 Document Style `algorithm' - floating enviro
nment

(/usr/local/texlive/2016/texmf-dist/tex/latex/float/float.sty
Package: float 2001/11/08 v1.3d Float enhancements (AL)
\c@float@type=\count162
\float@exts=\toks29
\float@box=\box57
\@float@everytoks=\toks30
\@floatcapt=\box58
)
\@float@every@algorithm=\toks31
\c@algorithm=\count163
)
(/usr/local/texlive/2016/texmf-dist/tex/latex/algorithmicx/algpseudocode.sty
Package: algpseudocode 

(/usr/local/texlive/2016/texmf-dist/tex/latex/algorithmicx/algorithmicx.sty
Package: algorithmicx 2005/04/27 v1.2 Algorithmicx

Document Style algorithmicx 1.2 - a greatly improved `algorithmic' style
\c@ALG@line=\count164
\c@ALG@rem=\count165
\c@ALG@nested=\count166
\ALG@tlm=\skip190
\ALG@thistlm=\skip191
\c@ALG@Lnr=\count167
\c@ALG@blocknr=\count168
\c@ALG@storecount=\count169
\c@ALG@tmpcounter=\count170
\ALG@tmplength=\skip192
)
Document Style - pseudocode environments for use with the `algorithmicx' style
) (/usr/local/texlive/2016/texmf-dist/tex/generic/babel/babel.sty
Package: babel 2016/04/23 3.9r The Babel package

(/usr/local/texlive/2016/texmf-dist/tex/generic/babel-english/english.ldf
Language: english 2012/08/20 v3.3p English support from the babel system

(/usr/local/texlive/2016/texmf-dist/tex/generic/babel/babel.def
File: babel.def 2016/04/23 3.9r Babel common definitions
\babel@savecnt=\count171
\U@D=\dimen175
)
\l@canadian = a dialect from \language\l@american 
\l@australian = a dialect from \language\l@british 
\l@newzealand = a dialect from \language\l@british 
))
(/usr/local/texlive/2016/texmf-dist/tex/latex/base/fontenc.sty
Package: fontenc 2005/09/27 v1.99g Standard LaTeX package

(/usr/local/texlive/2016/texmf-dist/tex/latex/base/t1enc.def
File: t1enc.def 2005/09/27 v1.99g Standard LaTeX file
LaTeX Font Info:    Redeclaring font encoding T1 on input line 48.
))
(/usr/local/texlive/2016/texmf-dist/tex/latex/base/latexsym.sty
Package: latexsym 1998/08/17 v2.2e Standard LaTeX package (lasy symbols)
\symlasy=\mathgroup4
LaTeX Font Info:    Overwriting symbol font `lasy' in version `bold'
(Font)                  U/lasy/m/n --> U/lasy/b/n on input line 52.
)
(/usr/local/texlive/2016/texmf-dist/tex/latex/amscls/amsthm.sty
Package: amsthm 2015/03/04 v2.20.2
\thm@style=\toks32
\thm@bodyfont=\toks33
\thm@headfont=\toks34
\thm@notefont=\toks35
\thm@headpunct=\toks36
\thm@preskip=\skip193
\thm@postskip=\skip194
\thm@headsep=\skip256
\dth@everypar=\toks37
)
(/usr/local/texlive/2016/texmf-dist/tex/latex/amsfonts/amsfonts.sty
Package: amsfonts 2013/01/14 v3.01 Basic AMSFonts support
\symAMSa=\mathgroup5
\symAMSb=\mathgroup6
LaTeX Font Info:    Overwriting math alphabet `\mathfrak' in version `bold'
(Font)                  U/euf/m/n --> U/euf/b/n on input line 106.
)
(/usr/local/texlive/2016/texmf-dist/tex/latex/graphics/epsfig.sty
Package: epsfig 1999/02/16 v1.7a (e)psfig emulation (SPQR)
\epsfxsize=\dimen176
\epsfysize=\dimen177
)
(/usr/local/texlive/2016/texmf-dist/tex/latex/hyperref/hyperref.sty
Package: hyperref 2016/05/05 v6.83n Hypertext links for LaTeX

(/usr/local/texlive/2016/texmf-dist/tex/generic/oberdiek/hobsub-hyperref.sty
Package: hobsub-hyperref 2016/05/16 v1.14 Bundle oberdiek, subset hyperref (HO)


(/usr/local/texlive/2016/texmf-dist/tex/generic/oberdiek/hobsub-generic.sty
Package: hobsub-generic 2016/05/16 v1.14 Bundle oberdiek, subset generic (HO)
Package: hobsub 2016/05/16 v1.14 Construct package bundles (HO)
Package hobsub Info: Skipping package `infwarerr' (already loaded).
Package hobsub Info: Skipping package `ltxcmds' (already loaded).
Package hobsub Info: Skipping package `ifluatex' (already loaded).
Package hobsub Info: Skipping package `ifvtex' (already loaded).
Package: intcalc 2016/05/16 v1.2 Expandable calculations with integers (HO)
Package hobsub Info: Skipping package `ifpdf' (already loaded).
Package hobsub Info: Skipping package `etexcmds' (already loaded).
Package hobsub Info: Skipping package `kvsetkeys' (already loaded).
Package hobsub Info: Skipping package `kvdefinekeys' (already loaded).
Package hobsub Info: Skipping package `pdftexcmds' (already loaded).
Package: pdfescape 2016/05/16 v1.14 Implements pdfTeX's escape features (HO)
Package: bigintcalc 2016/05/16 v1.4 Expandable calculations on big integers (HO
)
Package: bitset 2016/05/16 v1.2 Handle bit-vector datatype (HO)
Package: uniquecounter 2016/05/16 v1.3 Provide unlimited unique counter (HO)
)
Package hobsub Info: Skipping package `hobsub' (already loaded).
Package: letltxmacro 2016/05/16 v1.5 Let assignment for LaTeX macros (HO)
Package: hopatch 2016/05/16 v1.3 Wrapper for package hooks (HO)
Package: xcolor-patch 2016/05/16 xcolor patch
Package: atveryend 2016/05/16 v1.9 Hooks at the very end of document (HO)
Package atveryend Info: \enddocument detected (standard20110627).
Package: atbegshi 2016/05/16 v1.17 At begin shipout hook (HO)
Package: refcount 2016/05/16 v3.5 Data extraction from label references (HO)
Package: hycolor 2016/05/16 v1.8 Color options for hyperref/bookmark (HO)
)
(/usr/local/texlive/2016/texmf-dist/tex/latex/oberdiek/auxhook.sty
Package: auxhook 2016/05/16 v1.4 Hooks for auxiliary files (HO)
)
\@linkdim=\dimen178
\Hy@linkcounter=\count172
\Hy@pagecounter=\count173

(/usr/local/texlive/2016/texmf-dist/tex/latex/hyperref/pd1enc.def
File: pd1enc.def 2016/05/05 v6.83n Hyperref: PDFDocEncoding definition (HO)
)
\Hy@SavedSpaceFactor=\count174

(/usr/local/texlive/2016/texmf-dist/tex/latex/latexconfig/hyperref.cfg
File: hyperref.cfg 2002/06/06 v1.2 hyperref configuration of TeXLive
)
Package hyperref Info: Hyper figures OFF on input line 4446.
Package hyperref Info: Link nesting OFF on input line 4451.
Package hyperref Info: Hyper index ON on input line 4454.
Package hyperref Info: Plain pages OFF on input line 4461.
Package hyperref Info: Backreferencing OFF on input line 4466.
Package hyperref Info: Implicit mode ON; LaTeX internals redefined.
Package hyperref Info: Bookmarks ON on input line 4691.
\c@Hy@tempcnt=\count175

(/usr/local/texlive/2016/texmf-dist/tex/latex/url/url.sty
\Urlmuskip=\muskip11
Package: url 2013/09/16  ver 3.4  Verb mode for urls, etc.
)
LaTeX Info: Redefining \url on input line 5044.
\XeTeXLinkMargin=\dimen179
\Fld@menulength=\count176
\Field@Width=\dimen180
\Fld@charsize=\dimen181
Package hyperref Info: Hyper figures OFF on input line 6298.
Package hyperref Info: Link nesting OFF on input line 6303.
Package hyperref Info: Hyper index ON on input line 6306.
Package hyperref Info: backreferencing OFF on input line 6313.
Package hyperref Info: Link coloring OFF on input line 6318.
Package hyperref Info: Link coloring with OCG OFF on input line 6323.
Package hyperref Info: PDF/A mode OFF on input line 6328.
LaTeX Info: Redefining \ref on input line 6368.
LaTeX Info: Redefining \pageref on input line 6372.
\Hy@abspage=\count177
\c@Item=\count178
\c@Hfootnote=\count179
)
(/usr/local/texlive/2016/texmf-dist/tex/latex/memoir/memhfixc.sty
Package: memhfixc 2013/05/30 v1.17 nameref/hyperref package fixes for memoir cl
ass
\c@memhycontfloat=\count180
\c@Hpagenote=\count181
)

Package hyperref Message: Driver (autodetected): hpdftex.

(/usr/local/texlive/2016/texmf-dist/tex/latex/hyperref/hpdftex.def
File: hpdftex.def 2016/05/05 v6.83n Hyperref driver for pdfTeX
\Fld@listcount=\count182
\c@bookmark@seq@number=\count183

(/usr/local/texlive/2016/texmf-dist/tex/latex/oberdiek/rerunfilecheck.sty
Package: rerunfilecheck 2016/05/16 v1.8 Rerun checks for auxiliary files (HO)
Package uniquecounter Info: New unique counter `rerunfilecheck' on input line 2
82.
)
\Hy@SectionHShift=\skip257
)
(/usr/local/texlive/2016/texmf-dist/tex/latex/amsfonts/amssymb.sty
Package: amssymb 2013/01/14 v3.01 AMS font symbols
)
(/usr/local/texlive/2016/texmf-dist/tex/latex/graphics/color.sty
Package: color 2016/05/09 v1.1c Standard LaTeX Color (DPC)

(/usr/local/texlive/2016/texmf-dist/tex/latex/graphics-cfg/color.cfg
File: color.cfg 2016/01/02 v1.6 sample color configuration
)
Package color Info: Driver file: pdftex.def on input line 144.
)
(/usr/local/texlive/2016/texmf-dist/tex/latex/footmisc/footmisc.sty
Package: footmisc 2011/06/06 v5.5b a miscellany of footnote facilities
\FN@temptoken=\toks38
\footnotemargin=\dimen182
\c@pp@next@reset=\count184
Package footmisc Info: Declaring symbol style bringhurst on input line 855.
Package footmisc Info: Declaring symbol style chicago on input line 863.
Package footmisc Info: Declaring symbol style wiley on input line 872.
Package footmisc Info: Declaring symbol style lamport-robust on input line 883.

Package footmisc Info: Declaring symbol style lamport* on input line 903.
Package footmisc Info: Declaring symbol style lamport*-robust on input line 924
.
)

Class memoir Warning: You are using the caption package with the memoir class. 
To prepare we will now reset all captioning macros and configurations to kernel
 defaults, and then let the caption package take over. Please remember to use
 the caption package interfaces in order to
 configure your captions.

(/usr/local/texlive/2016/texmf-dist/tex/latex/caption/caption.sty
Package: caption 2016/02/21 v3.3-144 Customizing captions (AR)

(/usr/local/texlive/2016/texmf-dist/tex/latex/caption/caption3.sty
Package: caption3 2016/02/04 v1.7-139 caption3 kernel (AR)
Package caption3 Info: TeX engine: e-TeX on input line 67.
\captionmargin=\dimen183
\captionmargin@=\dimen184
\captionwidth=\dimen185
\caption@tempdima=\dimen186
\caption@indent=\dimen187
\caption@parindent=\dimen188
\caption@hangindent=\dimen189
)
\c@ContinuedFloat=\count185
Package caption Info: float package is loaded.
Package caption Info: hyperref package is loaded.
)
(/usr/local/texlive/2016/texmf-dist/tex/latex/psnfss/pifont.sty
Package: pifont 2005/04/12 PSNFSS-v9.2a Pi font support (SPQR) 
LaTeX Font Info:    Try loading font information for U+pzd on input line 63.

(/usr/local/texlive/2016/texmf-dist/tex/latex/psnfss/upzd.fd
File: upzd.fd 2001/06/04 font definitions for U/pzd.
)
LaTeX Font Info:    Try loading font information for U+psy on input line 64.

(/usr/local/texlive/2016/texmf-dist/tex/latex/psnfss/upsy.fd
File: upsy.fd 2001/06/04 font definitions for U/psy.
))
(/usr/local/texlive/2016/texmf-dist/tex/latex/multirow/multirow.sty
\bigstrutjot=\dimen190
)
(/usr/local/texlive/2016/texmf-dist/tex/latex/tools/xspace.sty
Package: xspace 2014/10/28 v1.13 Space after command names (DPC,MH)
)
(/usr/local/texlive/2016/texmf-dist/tex/latex/lm/lmodern.sty
Package: lmodern 2009/10/30 v1.6 Latin Modern Fonts
LaTeX Font Info:    Overwriting symbol font `operators' in version `normal'
(Font)                  OT1/cmr/m/n --> OT1/lmr/m/n on input line 22.
LaTeX Font Info:    Overwriting symbol font `letters' in version `normal'
(Font)                  OML/cmm/m/it --> OML/lmm/m/it on input line 23.
LaTeX Font Info:    Overwriting symbol font `symbols' in version `normal'
(Font)                  OMS/cmsy/m/n --> OMS/lmsy/m/n on input line 24.
LaTeX Font Info:    Overwriting symbol font `largesymbols' in version `normal'
(Font)                  OMX/cmex/m/n --> OMX/lmex/m/n on input line 25.
LaTeX Font Info:    Overwriting symbol font `operators' in version `bold'
(Font)                  OT1/cmr/bx/n --> OT1/lmr/bx/n on input line 26.
LaTeX Font Info:    Overwriting symbol font `letters' in version `bold'
(Font)                  OML/cmm/b/it --> OML/lmm/b/it on input line 27.
LaTeX Font Info:    Overwriting symbol font `symbols' in version `bold'
(Font)                  OMS/cmsy/b/n --> OMS/lmsy/b/n on input line 28.
LaTeX Font Info:    Overwriting symbol font `largesymbols' in version `bold'
(Font)                  OMX/cmex/m/n --> OMX/lmex/m/n on input line 29.
LaTeX Font Info:    Overwriting math alphabet `\mathbf' in version `normal'
(Font)                  OT1/cmr/bx/n --> OT1/lmr/bx/n on input line 31.
LaTeX Font Info:    Overwriting math alphabet `\mathsf' in version `normal'
(Font)                  OT1/cmss/m/n --> OT1/lmss/m/n on input line 32.
LaTeX Font Info:    Overwriting math alphabet `\mathit' in version `normal'
(Font)                  OT1/cmr/m/it --> OT1/lmr/m/it on input line 33.
LaTeX Font Info:    Overwriting math alphabet `\mathtt' in version `normal'
(Font)                  OT1/cmtt/m/n --> OT1/lmtt/m/n on input line 34.
LaTeX Font Info:    Overwriting math alphabet `\mathbf' in version `bold'
(Font)                  OT1/cmr/bx/n --> OT1/lmr/bx/n on input line 35.
LaTeX Font Info:    Overwriting math alphabet `\mathsf' in version `bold'
(Font)                  OT1/cmss/bx/n --> OT1/lmss/bx/n on input line 36.
LaTeX Font Info:    Overwriting math alphabet `\mathit' in version `bold'
(Font)                  OT1/cmr/bx/it --> OT1/lmr/bx/it on input line 37.
LaTeX Font Info:    Overwriting math alphabet `\mathtt' in version `bold'
(Font)                  OT1/cmtt/m/n --> OT1/lmtt/m/n on input line 38.
)
(/usr/local/texlive/2016/texmf-dist/tex/latex/cite/cite.sty
LaTeX Info: Redefining \cite on input line 302.
LaTeX Info: Redefining \nocite on input line 332.
Package: cite 2015/02/27  v 5.5
)
(/usr/local/texlive/2016/texmf-dist/tex/latex/lineno/lineno.sty
Package: lineno 2005/11/02 line numbers on paragraphs v4.41
\linenopenalty=\count186
\output=\toks39
\linenoprevgraf=\count187
\linenumbersep=\dimen191
\linenumberwidth=\dimen192
\c@linenumber=\count188
\c@pagewiselinenumber=\count189
\c@LN@truepage=\count190
\c@internallinenumber=\count191
\c@internallinenumbers=\count192
\quotelinenumbersep=\dimen193
\bframerule=\dimen194
\bframesep=\dimen256
\bframebox=\box59
LaTeX Info: Redefining \\ on input line 3056.
)
(/usr/local/texlive/2016/texmf-dist/tex/latex/arydshln/arydshln.sty
Package: arydshln 2016/04/28 v1.73 
\dashlinedash=\dimen257
\dashlinegap=\dimen258
\adl@box=\box60
\adl@height=\dimen259
\adl@heightsave=\dimen260
\adl@depth=\dimen261
\adl@depthsave=\dimen262
\adl@finaldepth=\dimen263
\adl@columns=\count193
\adl@ncol=\count194
\adl@currentcolumn=\count266
\adl@currentcolumnsave=\count267
\adl@totalheight=\count268
\adl@totalheightsave=\count269
\adl@dash=\count270
\adl@gap=\count271
\adl@cla=\count272
\adl@clb=\count273
\adl@everyvbox=\toks40
\adl@LTpagetotal=\dimen264
)
(/usr/local/texlive/2016/texmf-dist/tex/latex/carlisle/slashed.sty
Package: slashed 1997/01/16 v0.01 Feynman Slashed Character Notation (DPC)
)
(/usr/local/texlive/2016/texmf-dist/tex/latex/tools/bm.sty
Package: bm 2016/02/27 v1.2a Bold Symbol Support (DPC/FMi)
\symboldoperators=\mathgroup7
\symboldletters=\mathgroup8
\symboldsymbols=\mathgroup9
\symboldlasy=\mathgroup10
LaTeX Font Info:    Redeclaring math alphabet \mathbf on input line 142.
LaTeX Info: Redefining \bm on input line 208.
)
(/usr/local/texlive/2016/texmf-dist/tex/generic/ulem/ulem.sty
\UL@box=\box61
\UL@hyphenbox=\box62
\UL@skip=\skip258
\UL@hook=\toks41
\UL@height=\dimen265
\UL@pe=\count274
\UL@pixel=\dimen266
\ULC@box=\box63
Package: ulem 2012/05/18
\ULdepth=\dimen267
)
(/usr/local/texlive/2016/texmf-dist/tex/latex/oberdiek/pdflscape.sty
Package: pdflscape 2016/05/14 v0.11 Display of landscape pages in PDF (HO)

(/usr/local/texlive/2016/texmf-dist/tex/latex/graphics/lscape.sty
Package: lscape 2000/10/22 v3.01 Landscape Pages (DPC)
)
Package pdflscape Info: Auto-detected driver: pdftex on input line 81.
)
(/usr/local/texlive/2016/texmf-dist/tex/latex/base/fontenc.sty
Package: fontenc 2005/09/27 v1.99g Standard LaTeX package

(/usr/local/texlive/2016/texmf-dist/tex/latex/base/t1enc.def
File: t1enc.def 2005/09/27 v1.99g Standard LaTeX file
LaTeX Font Info:    Redeclaring font encoding T1 on input line 48.
))
LaTeX Info: Redefining \bf on input line 76.
 (./skeleton.aux)
\openout1 = `skeleton.aux'.

LaTeX Font Info:    Checking defaults for OML/cmm/m/it on input line 191.
LaTeX Font Info:    ... okay on input line 191.
LaTeX Font Info:    Checking defaults for T1/cmr/m/n on input line 191.
LaTeX Font Info:    ... okay on input line 191.
LaTeX Font Info:    Checking defaults for OT1/cmr/m/n on input line 191.
LaTeX Font Info:    ... okay on input line 191.
LaTeX Font Info:    Checking defaults for OMS/cmsy/m/n on input line 191.
LaTeX Font Info:    ... okay on input line 191.
LaTeX Font Info:    Checking defaults for OMX/cmex/m/n on input line 191.
LaTeX Font Info:    ... okay on input line 191.
LaTeX Font Info:    Checking defaults for U/cmr/m/n on input line 191.
LaTeX Font Info:    ... okay on input line 191.
LaTeX Font Info:    Checking defaults for PD1/pdf/m/n on input line 191.
LaTeX Font Info:    ... okay on input line 191.
LaTeX Font Info:    Try loading font information for T1+lmr on input line 191.
(/usr/local/texlive/2016/texmf-dist/tex/latex/lm/t1lmr.fd
File: t1lmr.fd 2009/10/30 v1.6 Font defs for Latin Modern
)
*geometry* driver: auto-detecting
*geometry* detected driver: pdftex
*geometry* verbose mode - [ preamble ] result:
* driver: pdftex
* paper: letterpaper
* layout: <same size as paper>
* layoutoffset:(h,v)=(0.0pt,0.0pt)
* bindingoffset: 36.135pt
* modes: includehead 
* h-part:(L,W,R)=(72.26999pt, 433.62003pt, 72.26999pt)
* v-part:(T,H,B)=(72.26999pt, 650.43001pt, 72.26999pt)
* \paperwidth=614.295pt
* \paperheight=794.96999pt
* \textwidth=433.62003pt
* \textheight=616.05621pt
* \oddsidemargin=36.135pt
* \evensidemargin=0.0pt
* \topmargin=0.0pt
* \headheight=14.5pt
* \headsep=19.8738pt
* \topskip=12.0pt
* \footskip=0.0pt
* \marginparwidth=50.0pt
* \marginparsep=7.0pt
* \columnsep=10.0pt
* \skip\footins=12.0pt plus 4.0pt minus 4.0pt
* \hoffset=0.0pt
* \voffset=0.0pt
* \mag=1000
* \@twocolumnfalse
* \@twosidefalse
* \@mparswitchfalse
* \@reversemarginfalse
* (1in=72.27pt=25.4mm, 1cm=28.453pt)

(/usr/local/texlive/2016/texmf-dist/tex/context/base/mkii/supp-pdf.mkii
[Loading MPS to PDF converter (version 2006.09.02).]
\scratchcounter=\count275
\scratchdimen=\dimen268
\scratchbox=\box64
\nofMPsegments=\count276
\nofMParguments=\count277
\everyMPshowfont=\toks42
\MPscratchCnt=\count278
\MPscratchDim=\dimen269
\MPnumerator=\count279
\makeMPintoPDFobject=\count280
\everyMPtoPDFconversion=\toks43
)
\AtBeginShipoutBox=\box65
Package hyperref Info: Link coloring OFF on input line 191.
 (/usr/local/texlive/2016/texmf-dist/tex/latex/hyperref/nameref.sty
Package: nameref 2012/10/27 v2.43 Cross-referencing by name of section

(/usr/local/texlive/2016/texmf-dist/tex/generic/oberdiek/gettitlestring.sty
Package: gettitlestring 2016/05/16 v1.5 Cleanup title references (HO)
)
\c@section@level=\count281
)
Redoing nameref's sectioning
Redoing nameref's label
LaTeX Info: Redefining \nameref on input line 191.
LaTeX Info: Redefining \ref on input line 191.
LaTeX Info: Redefining \pageref on input line 191.
LaTeX Info: Redefining \nameref on input line 191.
(./skeleton.out) (./skeleton.out)
\@outlinefile=\write4
\openout4 = `skeleton.out'.

Package caption Info: Begin \AtBeginDocument code.
Package caption Info: End \AtBeginDocument code.
LaTeX Font Info:    Try loading font information for OT1+lmr on input line 229.


(/usr/local/texlive/2016/texmf-dist/tex/latex/lm/ot1lmr.fd
File: ot1lmr.fd 2009/10/30 v1.6 Font defs for Latin Modern
)
LaTeX Font Info:    Try loading font information for OML+lmm on input line 229.


(/usr/local/texlive/2016/texmf-dist/tex/latex/lm/omllmm.fd
File: omllmm.fd 2009/10/30 v1.6 Font defs for Latin Modern
)
LaTeX Font Info:    Try loading font information for OMS+lmsy on input line 229
.

(/usr/local/texlive/2016/texmf-dist/tex/latex/lm/omslmsy.fd
File: omslmsy.fd 2009/10/30 v1.6 Font defs for Latin Modern
)
LaTeX Font Info:    Try loading font information for OMX+lmex on input line 229
.

(/usr/local/texlive/2016/texmf-dist/tex/latex/lm/omxlmex.fd
File: omxlmex.fd 2009/10/30 v1.6 Font defs for Latin Modern
)
LaTeX Font Info:    External font `lmex10' loaded for size
(Font)              <12> on input line 229.
LaTeX Font Info:    External font `lmex10' loaded for size
(Font)              <8> on input line 229.
LaTeX Font Info:    External font `lmex10' loaded for size
(Font)              <6> on input line 229.
LaTeX Font Info:    Try loading font information for U+lasy on input line 229.

(/usr/local/texlive/2016/texmf-dist/tex/latex/base/ulasy.fd
File: ulasy.fd 1998/08/17 v2.2e LaTeX symbol font definitions
)
LaTeX Font Info:    Try loading font information for U+msa on input line 229.

(/usr/local/texlive/2016/texmf-dist/tex/latex/amsfonts/umsa.fd
File: umsa.fd 2013/01/14 v3.01 AMS symbols A
)
LaTeX Font Info:    Try loading font information for U+msb on input line 229.

(/usr/local/texlive/2016/texmf-dist/tex/latex/amsfonts/umsb.fd
File: umsb.fd 2013/01/14 v3.01 AMS symbols B
)
LaTeX Font Info:    Font shape `U/lasy/b/n' in size <8> not available
(Font)              Font shape `U/lasy/m/n' tried instead on input line 229.
LaTeX Font Info:    Font shape `U/lasy/b/n' in size <6> not available
(Font)              Font shape `U/lasy/m/n' tried instead on input line 229.
 [1


{/usr/local/texlive/2016/texmf-var/fonts/map/pdftex/updmap/pdftex.map}]
(./nuthesis/sections/Abstract.tex) [2

] [3]

Class memoir Warning: The material used in the footer is too large
(10.14995pt) for the given foot skip (0.0pt), it is recommended to
either increase the foot skip or redesign the fotoer
(in both cases you will find help in the memoir manual). on input line 248.

[4

] (./nuthesis/sections/acknowledgments.tex) [5

] (./skeleton.toc
Overfull \hbox (0.16273pt too wide) detected at line 2
 \T1/lmr/bx/n/12 viii
 []

[6


]) [7] (./skeleton.lof [8

] [9] [10]) [11] (./skeleton.lot) [12

]
(./nuthesis/sections/HH_analysis.tex
LaTeX Font Info:    External font `lmex10' loaded for size
(Font)              <14.4> on input line 1.
LaTeX Font Info:    External font `lmex10' loaded for size
(Font)              <10> on input line 1.
LaTeX Font Info:    External font `lmex10' loaded for size
(Font)              <7> on input line 1.
LaTeX Font Info:    Font shape `U/lasy/b/n' in size <7> not available
(Font)              Font shape `U/lasy/m/n' tried instead on input line 1.


Package hyperref Warning: Token not allowed in a PDF string (PDFDocEncoding):
(hyperref)                removing `math shift' on input line 1.


Package hyperref Warning: Token not allowed in a PDF string (PDFDocEncoding):
(hyperref)                removing `math shift' on input line 1.

[1


] [2]
LaTeX Font Info:    Try loading font information for T1+lmtt on input line 55.
 (/usr/local/texlive/2016/texmf-dist/tex/latex/lm/t1lmtt.fd
File: t1lmtt.fd 2009/10/30 v1.6 Font defs for Latin Modern
) [3]

LaTeX Warning: Reference `ch:cms' on page 4 undefined on input line 66.


LaTeX Warning: Reference `sec:TnP' on page 4 undefined on input line 69.


LaTeX Warning: Reference `dab:datasets' on page 4 undefined on input line 69.


LaTeX Warning: Reference `sec:electrons, sec:muons' on page 4 undefined on inpu
t line 69.

[4]
<nuthesis/images/trigger/electronTriggerEfficiencyelectronTriggerEfficiencyHLT_
Leg1_WP90_2016.png, id=419, 1031.855pt x 652.4375pt>
File: nuthesis/images/trigger/electronTriggerEfficiencyelectronTriggerEfficienc
yHLT_Leg1_WP90_2016.png Graphic file (type png)

<use nuthesis/images/trigger/electronTriggerEfficiencyelectronTriggerEfficiency
HLT_Leg1_WP90_2016.png>
Package pdftex.def Info: nuthesis/images/trigger/electronTriggerEfficiencyelect
ronTriggerEfficiencyHLT_Leg1_WP90_2016.png used on input line 77.
(pdftex.def)             Requested size: 433.62003pt x 274.1712pt.

<nuthesis/images/trigger/electronTriggerEfficiencyelectronTriggerEfficiencyHLT_
Leg2_WP90_2016.png, id=421, 1035.87pt x 647.41875pt>
File: nuthesis/images/trigger/electronTriggerEfficiencyelectronTriggerEfficienc
yHLT_Leg2_WP90_2016.png Graphic file (type png)

<use nuthesis/images/trigger/electronTriggerEfficiencyelectronTriggerEfficiency
HLT_Leg2_WP90_2016.png>
Package pdftex.def Info: nuthesis/images/trigger/electronTriggerEfficiencyelect
ronTriggerEfficiencyHLT_Leg2_WP90_2016.png used on input line 79.
(pdftex.def)             Requested size: 433.62003pt x 271.01505pt.
LaTeX Font Info:    External font `lmex10' loaded for size
(Font)              <10.95> on input line 80.
 [5]
Overfull \vbox (36.56316pt too high) has occurred while \output is active []


[6 <./nuthesis/images/trigger/electronTriggerEfficiencyelectronTriggerEfficienc
yHLT_Leg1_WP90_2016.png> <./nuthesis/images/trigger/electronTriggerEfficiencyel
ectronTriggerEfficiencyHLT_Leg2_WP90_2016.png>]
<nuthesis/images/trigger/Run_BCDEFG_PlotSF_hlt_Mu17_Mu8_OR_TkMu8_leg8_NUM_hlt_M
u17_Mu8_OR_TkMu8_leg8_DEN_LooseIDnISO_PAR_pt_eta_pt_abseta_ratio.pdf, id=435, 5
70.48521pt x 366.20854pt>
File: nuthesis/images/trigger/Run_BCDEFG_PlotSF_hlt_Mu17_Mu8_OR_TkMu8_leg8_NUM_
hlt_Mu17_Mu8_OR_TkMu8_leg8_DEN_LooseIDnISO_PAR_pt_eta_pt_abseta_ratio.pdf Graph
ic file (type pdf)

<use nuthesis/images/trigger/Run_BCDEFG_PlotSF_hlt_Mu17_Mu8_OR_TkMu8_leg8_NUM_h
lt_Mu17_Mu8_OR_TkMu8_leg8_DEN_LooseIDnISO_PAR_pt_eta_pt_abseta_ratio.pdf>
Package pdftex.def Info: nuthesis/images/trigger/Run_BCDEFG_PlotSF_hlt_Mu17_Mu8
_OR_TkMu8_leg8_NUM_hlt_Mu17_Mu8_OR_TkMu8_leg8_DEN_LooseIDnISO_PAR_pt_eta_pt_abs
eta_ratio.pdf used on input line 87.
(pdftex.def)             Requested size: 205.97215pt x 132.22052pt.

<nuthesis/images/trigger/Run_BCDEFG_PlotSF_hlt_Mu17Mu8_leg17_NUM_hlt_Mu17Mu8_le
g17_DEN_LooseIDnISO_PAR_pt_eta_pt_abseta_ratio.pdf, id=436, 572.87102pt x 358.1
6644pt>
File: nuthesis/images/trigger/Run_BCDEFG_PlotSF_hlt_Mu17Mu8_leg17_NUM_hlt_Mu17M
u8_leg17_DEN_LooseIDnISO_PAR_pt_eta_pt_abseta_ratio.pdf Graphic file (type pdf)


<use nuthesis/images/trigger/Run_BCDEFG_PlotSF_hlt_Mu17Mu8_leg17_NUM_hlt_Mu17Mu
8_leg17_DEN_LooseIDnISO_PAR_pt_eta_pt_abseta_ratio.pdf>
Package pdftex.def Info: nuthesis/images/trigger/Run_BCDEFG_PlotSF_hlt_Mu17Mu8_
leg17_NUM_hlt_Mu17Mu8_leg17_DEN_LooseIDnISO_PAR_pt_eta_pt_abseta_ratio.pdf used
 on input line 88.
(pdftex.def)             Requested size: 205.97215pt x 128.77586pt.

<nuthesis/images/trigger/Run_H_PlotSF_hlt_Mu17_Mu8_OR_TkMu8_leg8_NUM_hlt_Mu17_M
u8_OR_TkMu8_leg8_DEN_LooseIDnISO_PAR_pt_eta_pt_abseta_ratio.pdf, id=437, 571.02
274pt x 360.11513pt>
File: nuthesis/images/trigger/Run_H_PlotSF_hlt_Mu17_Mu8_OR_TkMu8_leg8_NUM_hlt_M
u17_Mu8_OR_TkMu8_leg8_DEN_LooseIDnISO_PAR_pt_eta_pt_abseta_ratio.pdf Graphic fi
le (type pdf)

<use nuthesis/images/trigger/Run_H_PlotSF_hlt_Mu17_Mu8_OR_TkMu8_leg8_NUM_hlt_Mu
17_Mu8_OR_TkMu8_leg8_DEN_LooseIDnISO_PAR_pt_eta_pt_abseta_ratio.pdf>
Package pdftex.def Info: nuthesis/images/trigger/Run_H_PlotSF_hlt_Mu17_Mu8_OR_T
kMu8_leg8_NUM_hlt_Mu17_Mu8_OR_TkMu8_leg8_DEN_LooseIDnISO_PAR_pt_eta_pt_abseta_r
atio.pdf used on input line 95.
(pdftex.def)             Requested size: 205.97215pt x 129.8941pt.

<nuthesis/images/trigger/Run_H_PlotSF_hlt_Mu17Mu8_leg17_NUM_hlt_Mu17Mu8_leg17_D
EN_LooseIDnISO_PAR_pt_eta_pt_abseta_ratio.pdf, id=438, 569.53555pt x 359.06601p
t>
File: nuthesis/images/trigger/Run_H_PlotSF_hlt_Mu17Mu8_leg17_NUM_hlt_Mu17Mu8_le
g17_DEN_LooseIDnISO_PAR_pt_eta_pt_abseta_ratio.pdf Graphic file (type pdf)

<use nuthesis/images/trigger/Run_H_PlotSF_hlt_Mu17Mu8_leg17_NUM_hlt_Mu17Mu8_leg
17_DEN_LooseIDnISO_PAR_pt_eta_pt_abseta_ratio.pdf>
Package pdftex.def Info: nuthesis/images/trigger/Run_H_PlotSF_hlt_Mu17Mu8_leg17
_NUM_hlt_Mu17Mu8_leg17_DEN_LooseIDnISO_PAR_pt_eta_pt_abseta_ratio.pdf used on i
nput line 96.
(pdftex.def)             Requested size: 205.97215pt x 129.85538pt.

<nuthesis/images/trigger/PlotSF_dZ_NUM_dZ_DEN_hlt_Mu17_Mu8_OR_TkMu8_loose_PAR_e
ta1_eta2_abseta_tag_abseta_ratio.pdf, id=439, 570.61508pt x 361.7881pt>
File: nuthesis/images/trigger/PlotSF_dZ_NUM_dZ_DEN_hlt_Mu17_Mu8_OR_TkMu8_loose_
PAR_eta1_eta2_abseta_tag_abseta_ratio.pdf Graphic file (type pdf)

<use nuthesis/images/trigger/PlotSF_dZ_NUM_dZ_DEN_hlt_Mu17_Mu8_OR_TkMu8_loose_P
AR_eta1_eta2_abseta_tag_abseta_ratio.pdf>
Package pdftex.def Info: nuthesis/images/trigger/PlotSF_dZ_NUM_dZ_DEN_hlt_Mu17_
Mu8_OR_TkMu8_loose_PAR_eta1_eta2_abseta_tag_abseta_ratio.pdf used on input line
 103.
(pdftex.def)             Requested size: 368.57967pt x 233.69655pt.
 [7 <./nuthesis/images/trigger/Run_BCDEFG_PlotSF_hlt_Mu17_Mu8_OR_TkMu8_leg8_NUM
_hlt_Mu17_Mu8_OR_TkMu8_leg8_DEN_LooseIDnISO_PAR_pt_eta_pt_abseta_ratio.pdf, pag
e is rotated 90 degrees> <./nuthesis/images/trigger/Run_BCDEFG_PlotSF_hlt_Mu17M
u8_leg17_NUM_hlt_Mu17Mu8_leg17_DEN_LooseIDnISO_PAR_pt_eta_pt_abseta_ratio.pdf, 
page is rotated 90 degrees> <./nuthesis/images/trigger/Run_H_PlotSF_hlt_Mu17_Mu
8_OR_TkMu8_leg8_NUM_hlt_Mu17_Mu8_OR_TkMu8_leg8_DEN_LooseIDnISO_PAR_pt_eta_pt_ab
seta_ratio.pdf, page is rotated 90 degrees> <./nuthesis/images/trigger/Run_H_Pl
otSF_hlt_Mu17Mu8_leg17_NUM_hlt_Mu17Mu8_leg17_DEN_LooseIDnISO_PAR_pt_eta_pt_abse
ta_ratio.pdf, page is rotated 90 degrees>]
Overfull \hbox (35.38344pt too wide) in paragraph at lines 122--129
\T1/lmr/m/n/12 The sig-nal Monte Carlo (MC) sam-ples have been gen-er-ated us-i
ng \T1/lmr/m/sc/12 Mad-Graph5\T1/lmr/m/n/12 _aMC@NLO
 []

[8 <./nuthesis/images/trigger/PlotSF_dZ_NUM_dZ_DEN_hlt_Mu17_Mu8_OR_TkMu8_loose_
PAR_eta1_eta2_abseta_tag_abseta_ratio.pdf, page is rotated 90 degrees>]
[9]

LaTeX Warning: Citation `DY_QCDnEWK' on page 10 undefined on input line 215.


LaTeX Warning: Citation `pwh1' on page 10 undefined on input line 220.


LaTeX Warning: Citation `pwh2' on page 10 undefined on input line 220.


LaTeX Warning: Citation `pwh3' on page 10 undefined on input line 220.


LaTeX Warning: Citation `Kidonakis:2012db' on page 10 undefined on input line 2
23.


LaTeX Warning: Citation `Czakon:2013goa' on page 10 undefined on input line 223
.


LaTeX Warning: Citation `Sjostrand:2014zea' on page 10 undefined on input line 
227.


LaTeX Warning: Citation `CMS-PAS-SMP-18-002' on page 10 undefined on input line
 229.


LaTeX Warning: Citation `CMS-PAS-SMP-16-006' on page 10 undefined on input line
 229.


LaTeX Warning: Citation `Khachatryan:2016txa' on page 10 undefined on input lin
e 229.

[10]

LaTeX Warning: Citation `Ball:2014uwa' on page 11 undefined on input line 242.


LaTeX Warning: Reference `sec:TnP, sec:b_tagging' on page 11 undefined on input
 line 252.


LaTeX Warning: Reference `sec:pileup' on page 11 undefined on input line 258.

[11] <nuthesis/images/muon_ID_BCDEFv2.png, id=640, 555.07375pt x 566.115pt>
File: nuthesis/images/muon_ID_BCDEFv2.png Graphic file (type png)

<use nuthesis/images/muon_ID_BCDEFv2.png>
Package pdftex.def Info: nuthesis/images/muon_ID_BCDEFv2.png used on input line
 349.
(pdftex.def)             Requested size: 216.81001pt x 221.12085pt.

<nuthesis/images/muon_ID_GHv2.png, id=641, 555.07375pt x 566.115pt>
File: nuthesis/images/muon_ID_GHv2.png Graphic file (type png)

<use nuthesis/images/muon_ID_GHv2.png>
Package pdftex.def Info: nuthesis/images/muon_ID_GHv2.png used on input line 35
1.
(pdftex.def)             Requested size: 216.81001pt x 221.12085pt.

<nuthesis/images/muon_ISO_BCDEFv2.png, id=642, 555.07375pt x 566.115pt>
File: nuthesis/images/muon_ISO_BCDEFv2.png Graphic file (type png)

<use nuthesis/images/muon_ISO_BCDEFv2.png>
Package pdftex.def Info: nuthesis/images/muon_ISO_BCDEFv2.png used on input lin
e 359.
(pdftex.def)             Requested size: 216.81001pt x 221.12085pt.

<nuthesis/images/muon_ISO_GHv2.png, id=643, 555.07375pt x 566.115pt>
File: nuthesis/images/muon_ISO_GHv2.png Graphic file (type png)

<use nuthesis/images/muon_ISO_GHv2.png>
Package pdftex.def Info: nuthesis/images/muon_ISO_GHv2.png used on input line 3
61.
(pdftex.def)             Requested size: 216.81001pt x 221.12085pt.

<nuthesis/images/EIDISO_ZH_out.png, id=644, 1071.00125pt x 1144.275pt>
File: nuthesis/images/EIDISO_ZH_out.png Graphic file (type png)

<use nuthesis/images/EIDISO_ZH_out.png>
Package pdftex.def Info: nuthesis/images/EIDISO_ZH_out.png used on input line 3
68.
(pdftex.def)             Requested size: 390.25537pt x 416.94977pt.
 [12] [13 <./nuthesis/images/muon_ID_BCDEFv2.png> <./nuthesis/images/muon_ID_GH
v2.png>] [14 <./nuthesis/images/muon_ISO_BCDEFv2.png> <./nuthesis/images/muon_I
SO_GHv2.png>] [15 <./nuthesis/images/EIDISO_ZH_out.png>] [16] [17] [18]
<nuthesis/images/MET.png, id=712, 1100.11pt x 249.93375pt>
File: nuthesis/images/MET.png Graphic file (type png)

<use nuthesis/images/MET.png>
Package pdftex.def Info: nuthesis/images/MET.png used on input line 458.
(pdftex.def)             Requested size: 411.9377pt x 93.58763pt.
 [19] [20 <./nuthesis/images/MET.png>] [21]
[22]
LaTeX Font Info:    Try loading font information for OMS+lmr on input line 549.

 (/usr/local/texlive/2016/texmf-dist/tex/latex/lm/omslmr.fd
File: omslmr.fd 2009/10/30 v1.6 Font defs for Latin Modern
)
LaTeX Font Info:    Font shape `OMS/lmr/m/n' in size <12> not available
(Font)              Font shape `OMS/lmsy/m/n' tried instead on input line 549.

<nuthesis/images/ee_300_met.png, id=738, 642.4pt x 481.8pt>
File: nuthesis/images/ee_300_met.png Graphic file (type png)

<use nuthesis/images/ee_300_met.png>
Package pdftex.def Info: nuthesis/images/ee_300_met.png used on input line 574.

(pdftex.def)             Requested size: 195.12769pt x 146.34227pt.

<nuthesis/images/mm_300_met.png, id=739, 642.4pt x 481.8pt>
File: nuthesis/images/mm_300_met.png Graphic file (type png)

<use nuthesis/images/mm_300_met.png>
Package pdftex.def Info: nuthesis/images/mm_300_met.png used on input line 575.

(pdftex.def)             Requested size: 195.12769pt x 146.34227pt.

<nuthesis/images/ee_600_met.png, id=740, 642.4pt x 481.8pt>
File: nuthesis/images/ee_600_met.png Graphic file (type png)

<use nuthesis/images/ee_600_met.png>
Package pdftex.def Info: nuthesis/images/ee_600_met.png used on input line 576.

(pdftex.def)             Requested size: 195.12769pt x 146.34227pt.

<nuthesis/images/mm_600_met.png, id=741, 642.4pt x 481.8pt>
File: nuthesis/images/mm_600_met.png Graphic file (type png)

<use nuthesis/images/mm_600_met.png>
Package pdftex.def Info: nuthesis/images/mm_600_met.png used on input line 577.

(pdftex.def)             Requested size: 195.12769pt x 146.34227pt.

<nuthesis/images/ee_900_met.png, id=742, 642.4pt x 481.8pt>
File: nuthesis/images/ee_900_met.png Graphic file (type png)

<use nuthesis/images/ee_900_met.png>
Package pdftex.def Info: nuthesis/images/ee_900_met.png used on input line 578.

(pdftex.def)             Requested size: 195.12769pt x 146.34227pt.

<nuthesis/images/mm_900_met.png, id=743, 642.4pt x 481.8pt>
File: nuthesis/images/mm_900_met.png Graphic file (type png)

<use nuthesis/images/mm_900_met.png>
Package pdftex.def Info: nuthesis/images/mm_900_met.png used on input line 579.

(pdftex.def)             Requested size: 195.12769pt x 146.34227pt.
 [23]

Package hyperref Warning: Token not allowed in a PDF string (PDFDocEncoding):
(hyperref)                removing `\to' on input line 588.


Package hyperref Warning: Token not allowed in a PDF string (PDFDocEncoding):
(hyperref)                removing `\to' on input line 588.


Package hyperref Warning: Token not allowed in a PDF string (PDFDocEncoding):
(hyperref)                removing `\ell' on input line 588.


Package hyperref Warning: Token not allowed in a PDF string (PDFDocEncoding):
(hyperref)                removing `\ell' on input line 588.

[24 <./nuthesis/images/ee_300_met.png> <./nuthesis/images/mm_300_met.png> <./nu
thesis/images/ee_600_met.png> <./nuthesis/images/mm_600_met.png> <./nuthesis/im
ages/ee_900_met.png> <./nuthesis/images/mm_900_met.png>]
<nuthesis/images/regions.png, id=760, 396.48125pt x 331.2375pt>
File: nuthesis/images/regions.png Graphic file (type png)

<use nuthesis/images/regions.png>
Package pdftex.def Info: nuthesis/images/regions.png used on input line 617.
(pdftex.def)             Requested size: 195.12769pt x 163.02043pt.
 [25 <./nuthesis/images/regions.png>] [26]
[27] [28] <nuthesis/images/cutflow_mm.png, id=796, 963.6pt x 162.6075pt>
File: nuthesis/images/cutflow_mm.png Graphic file (type png)

<use nuthesis/images/cutflow_mm.png>
Package pdftex.def Info: nuthesis/images/cutflow_mm.png used on input line 766.

(pdftex.def)             Requested size: 394.59581pt x 66.58762pt.

<nuthesis/images/cutflow_ee.png, id=797, 999.735pt x 185.69376pt>
File: nuthesis/images/cutflow_ee.png Graphic file (type png)

<use nuthesis/images/cutflow_ee.png>
Package pdftex.def Info: nuthesis/images/cutflow_ee.png used on input line 767.

(pdftex.def)             Requested size: 394.59581pt x 73.29297pt.

<nuthesis/images/hhMt_mm_CRDY_FullPostfit_plot_nov16_2_graviton.pdf, id=798, 56
9.12625pt x 546.04pt>
File: nuthesis/images/hhMt_mm_CRDY_FullPostfit_plot_nov16_2_graviton.pdf Graphi
c file (type pdf)

<use nuthesis/images/hhMt_mm_CRDY_FullPostfit_plot_nov16_2_graviton.pdf>
Package pdftex.def Info: nuthesis/images/hhMt_mm_CRDY_FullPostfit_plot_nov16_2_
graviton.pdf used on input line 778.
(pdftex.def)             Requested size: 134.42114pt x 128.9693pt.

<nuthesis/images/hhMt_mm_CRTT_FullPostfit_plot_nov16_2_graviton.pdf, id=799, 56
9.12625pt x 546.04pt>
File: nuthesis/images/hhMt_mm_CRTT_FullPostfit_plot_nov16_2_graviton.pdf Graphi
c file (type pdf)

<use nuthesis/images/hhMt_mm_CRTT_FullPostfit_plot_nov16_2_graviton.pdf>
Package pdftex.def Info: nuthesis/images/hhMt_mm_CRTT_FullPostfit_plot_nov16_2_
graviton.pdf used on input line 779.
(pdftex.def)             Requested size: 134.42114pt x 128.9693pt.

<nuthesis/images/hhMt_mm_SR_FullPostfit_plot_nov16_2_graviton.pdf, id=800, 569.
12625pt x 546.04pt>
File: nuthesis/images/hhMt_mm_SR_FullPostfit_plot_nov16_2_graviton.pdf Graphic 
file (type pdf)

<use nuthesis/images/hhMt_mm_SR_FullPostfit_plot_nov16_2_graviton.pdf>
Package pdftex.def Info: nuthesis/images/hhMt_mm_SR_FullPostfit_plot_nov16_2_gr
aviton.pdf used on input line 780.
(pdftex.def)             Requested size: 134.42114pt x 128.9693pt.

<nuthesis/images/hhMt_ee_CRDY_FullPostfit_plot_nov16_2_graviton.pdf, id=801, 56
9.12625pt x 546.04pt>
File: nuthesis/images/hhMt_ee_CRDY_FullPostfit_plot_nov16_2_graviton.pdf Graphi
c file (type pdf)

<use nuthesis/images/hhMt_ee_CRDY_FullPostfit_plot_nov16_2_graviton.pdf>
Package pdftex.def Info: nuthesis/images/hhMt_ee_CRDY_FullPostfit_plot_nov16_2_
graviton.pdf used on input line 781.
(pdftex.def)             Requested size: 134.42114pt x 128.9693pt.

<nuthesis/images/hhMt_ee_CRTT_FullPostfit_plot_nov16_2_graviton.pdf, id=802, 56
9.12625pt x 546.04pt>
File: nuthesis/images/hhMt_ee_CRTT_FullPostfit_plot_nov16_2_graviton.pdf Graphi
c file (type pdf)

<use nuthesis/images/hhMt_ee_CRTT_FullPostfit_plot_nov16_2_graviton.pdf>
Package pdftex.def Info: nuthesis/images/hhMt_ee_CRTT_FullPostfit_plot_nov16_2_
graviton.pdf used on input line 782.
(pdftex.def)             Requested size: 134.42114pt x 128.9693pt.

<nuthesis/images/hhMt_ee_SR_FullPostfit_plot_nov16_2_graviton.pdf, id=803, 569.
12625pt x 546.04pt>
File: nuthesis/images/hhMt_ee_SR_FullPostfit_plot_nov16_2_graviton.pdf Graphic 
file (type pdf)

<use nuthesis/images/hhMt_ee_SR_FullPostfit_plot_nov16_2_graviton.pdf>
Package pdftex.def Info: nuthesis/images/hhMt_ee_SR_FullPostfit_plot_nov16_2_gr
aviton.pdf used on input line 783.
(pdftex.def)             Requested size: 134.42114pt x 128.9693pt.

<nuthesis/images/hhMt_mm_CRDY_FullPostfit_plot_nov16_2_radion.pdf, id=804, 569.
12625pt x 546.04pt>
File: nuthesis/images/hhMt_mm_CRDY_FullPostfit_plot_nov16_2_radion.pdf Graphic 
file (type pdf)

<use nuthesis/images/hhMt_mm_CRDY_FullPostfit_plot_nov16_2_radion.pdf>
Package pdftex.def Info: nuthesis/images/hhMt_mm_CRDY_FullPostfit_plot_nov16_2_
radion.pdf used on input line 805.
(pdftex.def)             Requested size: 134.42114pt x 128.9693pt.

<nuthesis/images/hhMt_mm_CRTT_FullPostfit_plot_nov16_2_radion.pdf, id=805, 569.
12625pt x 546.04pt>
File: nuthesis/images/hhMt_mm_CRTT_FullPostfit_plot_nov16_2_radion.pdf Graphic 
file (type pdf)

<use nuthesis/images/hhMt_mm_CRTT_FullPostfit_plot_nov16_2_radion.pdf>
Package pdftex.def Info: nuthesis/images/hhMt_mm_CRTT_FullPostfit_plot_nov16_2_
radion.pdf used on input line 806.
(pdftex.def)             Requested size: 134.42114pt x 128.9693pt.

<nuthesis/images/hhMt_mm_SR_FullPostfit_plot_nov16_2_radion.pdf, id=806, 569.12
625pt x 546.04pt>
File: nuthesis/images/hhMt_mm_SR_FullPostfit_plot_nov16_2_radion.pdf Graphic fi
le (type pdf)

<use nuthesis/images/hhMt_mm_SR_FullPostfit_plot_nov16_2_radion.pdf>
Package pdftex.def Info: nuthesis/images/hhMt_mm_SR_FullPostfit_plot_nov16_2_ra
dion.pdf used on input line 807.
(pdftex.def)             Requested size: 134.42114pt x 128.9693pt.

<nuthesis/images/hhMt_ee_CRDY_FullPostfit_plot_nov16_2_radion.pdf, id=807, 569.
12625pt x 546.04pt>
File: nuthesis/images/hhMt_ee_CRDY_FullPostfit_plot_nov16_2_radion.pdf Graphic 
file (type pdf)

<use nuthesis/images/hhMt_ee_CRDY_FullPostfit_plot_nov16_2_radion.pdf>
Package pdftex.def Info: nuthesis/images/hhMt_ee_CRDY_FullPostfit_plot_nov16_2_
radion.pdf used on input line 808.
(pdftex.def)             Requested size: 134.42114pt x 128.9693pt.

<nuthesis/images/hhMt_ee_CRTT_FullPostfit_plot_nov16_2_radion.pdf, id=808, 569.
12625pt x 546.04pt>
File: nuthesis/images/hhMt_ee_CRTT_FullPostfit_plot_nov16_2_radion.pdf Graphic 
file (type pdf)

<use nuthesis/images/hhMt_ee_CRTT_FullPostfit_plot_nov16_2_radion.pdf>
Package pdftex.def Info: nuthesis/images/hhMt_ee_CRTT_FullPostfit_plot_nov16_2_
radion.pdf used on input line 809.
(pdftex.def)             Requested size: 134.42114pt x 128.9693pt.

<nuthesis/images/hhMt_ee_SR_FullPostfit_plot_nov16_2_radion.pdf, id=809, 569.12
625pt x 546.04pt>
File: nuthesis/images/hhMt_ee_SR_FullPostfit_plot_nov16_2_radion.pdf Graphic fi
le (type pdf)

<use nuthesis/images/hhMt_ee_SR_FullPostfit_plot_nov16_2_radion.pdf>
Package pdftex.def Info: nuthesis/images/hhMt_ee_SR_FullPostfit_plot_nov16_2_ra
dion.pdf used on input line 810.
(pdftex.def)             Requested size: 134.42114pt x 128.9693pt.
 [29 <./nuthesis/images/cutflow_mm.png> <./nuthesis/images/cutflow_ee.png>] [30
 <./nuthesis/images/hhMt_mm_CRDY_FullPostfit_plot_nov16_2_graviton.pdf, page is
 rotated 90 degrees> <./nuthesis/images/hhMt_mm_CRTT_FullPostfit_plot_nov16_2_g
raviton.pdf, page is rotated 90 degrees> <./nuthesis/images/hhMt_mm_SR_FullPost
fit_plot_nov16_2_graviton.pdf, page is rotated 90 degrees> <./nuthesis/images/h
hMt_ee_CRDY_FullPostfit_plot_nov16_2_graviton.pdf, page is rotated 90 degrees> 
<./nuthesis/images/hhMt_ee_CRTT_FullPostfit_plot_nov16_2_graviton.pdf, page is 
rotated 90 degrees> <./nuthesis/images/hhMt_ee_SR_FullPostfit_plot_nov16_2_grav
iton.pdf, page is rotated 90 degrees>] [31 <./nuthesis/images/hhMt_mm_CRDY_Full
Postfit_plot_nov16_2_radion.pdf, page is rotated 90 degrees> <./nuthesis/images
/hhMt_mm_CRTT_FullPostfit_plot_nov16_2_radion.pdf, page is rotated 90 degrees> 
<./nuthesis/images/hhMt_mm_SR_FullPostfit_plot_nov16_2_radion.pdf, page is rota
ted 90 degrees> <./nuthesis/images/hhMt_ee_CRDY_FullPostfit_plot_nov16_2_radion
.pdf, page is rotated 90 degrees> <./nuthesis/images/hhMt_ee_CRTT_FullPostfit_p
lot_nov16_2_radion.pdf, page is rotated 90 degrees> <./nuthesis/images/hhMt_ee_
SR_FullPostfit_plot_nov16_2_radion.pdf, page is rotated 90 degrees>] [32] [33] 
[34]
[35] <nuthesis/images/ee_low.png, id=1382, 290.08376pt x 418.56375pt>
File: nuthesis/images/ee_low.png Graphic file (type png)

<use nuthesis/images/ee_low.png>
Package pdftex.def Info: nuthesis/images/ee_low.png used on input line 953.
(pdftex.def)             Requested size: 151.76965pt x 218.98923pt.

<nuthesis/images/ee_high.png, id=1383, 284.06125pt x 411.5375pt>
File: nuthesis/images/ee_high.png Graphic file (type png)

<use nuthesis/images/ee_high.png>
Package pdftex.def Info: nuthesis/images/ee_high.png used on input line 954.
(pdftex.def)             Requested size: 151.76965pt x 219.88467pt.

<nuthesis/images/mm_low.png, id=1384, 263.98625pt x 411.5375pt>
File: nuthesis/images/mm_low.png Graphic file (type png)

<use nuthesis/images/mm_low.png>
Package pdftex.def Info: nuthesis/images/mm_low.png used on input line 955.
(pdftex.def)             Requested size: 151.76965pt x 236.59454pt.

<nuthesis/images/mm_high.png, id=1385, 265.99374pt x 422.57875pt>
File: nuthesis/images/mm_high.png Graphic file (type png)

<use nuthesis/images/mm_high.png>
Package pdftex.def Info: nuthesis/images/mm_high.png used on input line 956.
(pdftex.def)             Requested size: 151.76965pt x 241.11742pt.

<nuthesis/images/bdt_response_ee_SR_FullPostfit_plot_nov16_2_radion.pdf, id=138
6, 569.12625pt x 546.04pt>
File: nuthesis/images/bdt_response_ee_SR_FullPostfit_plot_nov16_2_radion.pdf Gr
aphic file (type pdf)

<use nuthesis/images/bdt_response_ee_SR_FullPostfit_plot_nov16_2_radion.pdf>
Package pdftex.def Info: nuthesis/images/bdt_response_ee_SR_FullPostfit_plot_no
v16_2_radion.pdf used on input line 965.
(pdftex.def)             Requested size: 260.17465pt x 249.63171pt.

<nuthesis/images/bdt_response_mm_SR_FullPostfit_plot_nov16_2_radion.pdf, id=138
7, 569.12625pt x 546.04pt>
File: nuthesis/images/bdt_response_mm_SR_FullPostfit_plot_nov16_2_radion.pdf Gr
aphic file (type pdf)

<use nuthesis/images/bdt_response_mm_SR_FullPostfit_plot_nov16_2_radion.pdf>
Package pdftex.def Info: nuthesis/images/bdt_response_mm_SR_FullPostfit_plot_no
v16_2_radion.pdf used on input line 966.
(pdftex.def)             Requested size: 260.17465pt x 249.63171pt.

<nuthesis/images/bdtPlots_eles/low_vars1.pdf, id=1390, 569.12625pt x 295.1025pt
>
File: nuthesis/images/bdtPlots_eles/low_vars1.pdf Graphic file (type pdf)
 <use nuthesis/images/bdtPlots_eles/low_vars1.pdf>
Package pdftex.def Info: nuthesis/images/bdtPlots_eles/low_vars1.pdf used on in
put line 977.
(pdftex.def)             Requested size: 411.9377pt x 213.60835pt.

<nuthesis/images/bdtPlots_eles/low_vars2.pdf, id=1391, 569.12625pt x 295.1025pt
>
File: nuthesis/images/bdtPlots_eles/low_vars2.pdf Graphic file (type pdf)
 <use nuthesis/images/bdtPlots_eles/low_vars2.pdf>
Package pdftex.def Info: nuthesis/images/bdtPlots_eles/low_vars2.pdf used on in
put line 978.
(pdftex.def)             Requested size: 411.9377pt x 213.60835pt.

<nuthesis/images/bdtPlots_eles/high_vars1.pdf, id=1392, 569.12625pt x 295.1025p
t>
File: nuthesis/images/bdtPlots_eles/high_vars1.pdf Graphic file (type pdf)
 <use nuthesis/images/bdtPlots_eles/high_vars1.pdf>
Package pdftex.def Info: nuthesis/images/bdtPlots_eles/high_vars1.pdf used on i
nput line 988.
(pdftex.def)             Requested size: 411.9377pt x 213.60835pt.

<nuthesis/images/bdtPlots_eles/high_vars2.pdf, id=1393, 569.12625pt x 295.1025p
t>
File: nuthesis/images/bdtPlots_eles/high_vars2.pdf Graphic file (type pdf)
 <use nuthesis/images/bdtPlots_eles/high_vars2.pdf>
Package pdftex.def Info: nuthesis/images/bdtPlots_eles/high_vars2.pdf used on i
nput line 989.
(pdftex.def)             Requested size: 411.9377pt x 213.60835pt.
 [36] [37 <./nuthesis/images/ee_low.png> <./nuthesis/images/ee_high.png> <./nut
hesis/images/mm_low.png> <./nuthesis/images/mm_high.png>] [38 <./nuthesis/image
s/bdt_response_ee_SR_FullPostfit_plot_nov16_2_radion.pdf, page is rotated 90 de
grees> <./nuthesis/images/bdt_response_mm_SR_FullPostfit_plot_nov16_2_radion.pd
f, page is rotated 90 degrees>] [39 <./nuthesis/images/bdtPlots_eles/low_vars1.
pdf, page is rotated 90 degrees> <./nuthesis/images/bdtPlots_eles/low_vars2.pdf
, page is rotated 90 degrees>] [40 <./nuthesis/images/bdtPlots_eles/high_vars1.
pdf, page is rotated 90 degrees> <./nuthesis/images/bdtPlots_eles/high_vars2.pd
f, page is rotated 90 degrees>]
<nuthesis/images/bdtPlots_eles/low_bdt.pdf, id=1688, 569.12625pt x 420.57124pt>
File: nuthesis/images/bdtPlots_eles/low_bdt.pdf Graphic file (type pdf)
<use nuthesis/images/bdtPlots_eles/low_bdt.pdf>
Package pdftex.def Info: nuthesis/images/bdtPlots_eles/low_bdt.pdf used on inpu
t line 1005.
(pdftex.def)             Requested size: 325.21501pt x 240.33775pt.

<nuthesis/images/bdtPlots_eles/high_bdt.pdf, id=1689, 569.12625pt x 420.57124pt
>
File: nuthesis/images/bdtPlots_eles/high_bdt.pdf Graphic file (type pdf)
 <use nuthesis/images/bdtPlots_eles/high_bdt.pdf>
Package pdftex.def Info: nuthesis/images/bdtPlots_eles/high_bdt.pdf used on inp
ut line 1006.
(pdftex.def)             Requested size: 325.21501pt x 240.33775pt.

<nuthesis/images/bdtPlots_eles/low_roc.pdf, id=1696, 569.12625pt x 416.55624pt>
File: nuthesis/images/bdtPlots_eles/low_roc.pdf Graphic file (type pdf)
<use nuthesis/images/bdtPlots_eles/low_roc.pdf>
Package pdftex.def Info: nuthesis/images/bdtPlots_eles/low_roc.pdf used on inpu
t line 1018.
(pdftex.def)             Requested size: 325.21501pt x 238.04335pt.

<nuthesis/images/bdtPlots_eles/high_roc.pdf, id=1697, 569.12625pt x 416.55624pt
>
File: nuthesis/images/bdtPlots_eles/high_roc.pdf Graphic file (type pdf)
 <use nuthesis/images/bdtPlots_eles/high_roc.pdf>
Package pdftex.def Info: nuthesis/images/bdtPlots_eles/high_roc.pdf used on inp
ut line 1019.
(pdftex.def)             Requested size: 325.21501pt x 238.04335pt.

<nuthesis/images/bdtPlots_eles/low_corS.pdf, id=1698, 569.12625pt x 546.04pt>
File: nuthesis/images/bdtPlots_eles/low_corS.pdf Graphic file (type pdf)

<use nuthesis/images/bdtPlots_eles/low_corS.pdf>
Package pdftex.def Info: nuthesis/images/bdtPlots_eles/low_corS.pdf used on inp
ut line 1027.
(pdftex.def)             Requested size: 325.21501pt x 312.03757pt.

<nuthesis/images/bdtPlots_eles/low_corB.pdf, id=1699, 569.12625pt x 546.04pt>
File: nuthesis/images/bdtPlots_eles/low_corB.pdf Graphic file (type pdf)

<use nuthesis/images/bdtPlots_eles/low_corB.pdf>
Package pdftex.def Info: nuthesis/images/bdtPlots_eles/low_corB.pdf used on inp
ut line 1028.
(pdftex.def)             Requested size: 325.21501pt x 312.03757pt.


LaTeX Warning: Float too large for page by 58.78604pt on input line 1032.


<nuthesis/images/bdtPlots_eles/high_corS.pdf, id=1700, 569.12625pt x 546.04pt>
File: nuthesis/images/bdtPlots_eles/high_corS.pdf Graphic file (type pdf)

<use nuthesis/images/bdtPlots_eles/high_corS.pdf>
Package pdftex.def Info: nuthesis/images/bdtPlots_eles/high_corS.pdf used on in
put line 1037.
(pdftex.def)             Requested size: 325.21501pt x 312.03757pt.

<nuthesis/images/bdtPlots_eles/high_corB.pdf, id=1701, 569.12625pt x 546.04pt>
File: nuthesis/images/bdtPlots_eles/high_corB.pdf Graphic file (type pdf)

<use nuthesis/images/bdtPlots_eles/high_corB.pdf>
Package pdftex.def Info: nuthesis/images/bdtPlots_eles/high_corB.pdf used on in
put line 1038.
(pdftex.def)             Requested size: 325.21501pt x 312.03757pt.


LaTeX Warning: Float too large for page by 58.78604pt on input line 1042.

[41] [42 <./nuthesis/images/bdtPlots_eles/low_bdt.pdf, page is rotated 90 degre
es> <./nuthesis/images/bdtPlots_eles/high_bdt.pdf, page is rotated 90 degrees>]
[43 <./nuthesis/images/bdtPlots_eles/low_roc.pdf, page is rotated 90 degrees> <
./nuthesis/images/bdtPlots_eles/high_roc.pdf, page is rotated 90 degrees>]
[44 <./nuthesis/images/bdtPlots_eles/low_corS.pdf, page is rotated 90 degrees> 
<./nuthesis/images/bdtPlots_eles/low_corB.pdf, page is rotated 90 degrees>]
[45 <./nuthesis/images/bdtPlots_eles/high_corS.pdf, page is rotated 90 degrees>
 <./nuthesis/images/bdtPlots_eles/high_corB.pdf, page is rotated 90 degrees>]
<nuthesis/images/bdtPlots_muons/low_vars1.pdf, id=2071, 569.12625pt x 295.1025p
t>
File: nuthesis/images/bdtPlots_muons/low_vars1.pdf Graphic file (type pdf)
 <use nuthesis/images/bdtPlots_muons/low_vars1.pdf>
Package pdftex.def Info: nuthesis/images/bdtPlots_muons/low_vars1.pdf used on i
nput line 1066.
(pdftex.def)             Requested size: 411.9377pt x 213.60835pt.

<nuthesis/images/bdtPlots_muons/low_vars2.pdf, id=2072, 569.12625pt x 295.1025p
t>
File: nuthesis/images/bdtPlots_muons/low_vars2.pdf Graphic file (type pdf)
 <use nuthesis/images/bdtPlots_muons/low_vars2.pdf>
Package pdftex.def Info: nuthesis/images/bdtPlots_muons/low_vars2.pdf used on i
nput line 1067.
(pdftex.def)             Requested size: 411.9377pt x 213.60835pt.

<nuthesis/images/bdtPlots_muons/high_vars1.pdf, id=2073, 569.12625pt x 295.1025
pt>
File: nuthesis/images/bdtPlots_muons/high_vars1.pdf Graphic file (type pdf)
 <use nuthesis/images/bdtPlots_muons/high_vars1.pdf>
Package pdftex.def Info: nuthesis/images/bdtPlots_muons/high_vars1.pdf used on 
input line 1077.
(pdftex.def)             Requested size: 411.9377pt x 213.60835pt.

<nuthesis/images/bdtPlots_muons/high_vars2.pdf, id=2074, 569.12625pt x 295.1025
pt>
File: nuthesis/images/bdtPlots_muons/high_vars2.pdf Graphic file (type pdf)
 <use nuthesis/images/bdtPlots_muons/high_vars2.pdf>
Package pdftex.def Info: nuthesis/images/bdtPlots_muons/high_vars2.pdf used on 
input line 1078.
(pdftex.def)             Requested size: 411.9377pt x 213.60835pt.

<nuthesis/images/bdtPlots_muons/low_bdt.pdf, id=2075, 569.12625pt x 420.57124pt
>
File: nuthesis/images/bdtPlots_muons/low_bdt.pdf Graphic file (type pdf)
 <use nuthesis/images/bdtPlots_muons/low_bdt.pdf>
Package pdftex.def Info: nuthesis/images/bdtPlots_muons/low_bdt.pdf used on inp
ut line 1087.
(pdftex.def)             Requested size: 325.21501pt x 240.33775pt.

<nuthesis/images/bdtPlots_muons/high_bdt.pdf, id=2076, 569.12625pt x 420.57124p
t>
File: nuthesis/images/bdtPlots_muons/high_bdt.pdf Graphic file (type pdf)
 <use nuthesis/images/bdtPlots_muons/high_bdt.pdf>
Package pdftex.def Info: nuthesis/images/bdtPlots_muons/high_bdt.pdf used on in
put line 1088.
(pdftex.def)             Requested size: 325.21501pt x 240.33775pt.

<nuthesis/images/bdtPlots_muons/low_roc.pdf, id=2077, 569.12625pt x 416.55624pt
>
File: nuthesis/images/bdtPlots_muons/low_roc.pdf Graphic file (type pdf)
 <use nuthesis/images/bdtPlots_muons/low_roc.pdf>
Package pdftex.def Info: nuthesis/images/bdtPlots_muons/low_roc.pdf used on inp
ut line 1096.
(pdftex.def)             Requested size: 325.21501pt x 238.04335pt.

<nuthesis/images/bdtPlots_muons/high_roc.pdf, id=2078, 569.12625pt x 416.55624p
t>
File: nuthesis/images/bdtPlots_muons/high_roc.pdf Graphic file (type pdf)
 <use nuthesis/images/bdtPlots_muons/high_roc.pdf>
Package pdftex.def Info: nuthesis/images/bdtPlots_muons/high_roc.pdf used on in
put line 1097.
(pdftex.def)             Requested size: 325.21501pt x 238.04335pt.

<nuthesis/images/bdtPlots_muons/low_corS.pdf, id=2079, 569.12625pt x 546.04pt>
File: nuthesis/images/bdtPlots_muons/low_corS.pdf Graphic file (type pdf)

<use nuthesis/images/bdtPlots_muons/low_corS.pdf>
Package pdftex.def Info: nuthesis/images/bdtPlots_muons/low_corS.pdf used on in
put line 1105.
(pdftex.def)             Requested size: 325.21501pt x 312.03757pt.

<nuthesis/images/bdtPlots_muons/low_corB.pdf, id=2080, 569.12625pt x 546.04pt>
File: nuthesis/images/bdtPlots_muons/low_corB.pdf Graphic file (type pdf)

<use nuthesis/images/bdtPlots_muons/low_corB.pdf>
Package pdftex.def Info: nuthesis/images/bdtPlots_muons/low_corB.pdf used on in
put line 1106.
(pdftex.def)             Requested size: 325.21501pt x 312.03757pt.


LaTeX Warning: Float too large for page by 58.78604pt on input line 1110.


<nuthesis/images/bdtPlots_muons/high_corS.pdf, id=2081, 569.12625pt x 546.04pt>
File: nuthesis/images/bdtPlots_muons/high_corS.pdf Graphic file (type pdf)
<use nuthesis/images/bdtPlots_muons/high_corS.pdf>
Package pdftex.def Info: nuthesis/images/bdtPlots_muons/high_corS.pdf used on i
nput line 1115.
(pdftex.def)             Requested size: 325.21501pt x 312.03757pt.

<nuthesis/images/bdtPlots_muons/high_corB.pdf, id=2082, 569.12625pt x 546.04pt>
File: nuthesis/images/bdtPlots_muons/high_corB.pdf Graphic file (type pdf)
<use nuthesis/images/bdtPlots_muons/high_corB.pdf>
Package pdftex.def Info: nuthesis/images/bdtPlots_muons/high_corB.pdf used on i
nput line 1116.
(pdftex.def)             Requested size: 325.21501pt x 312.03757pt.


LaTeX Warning: Float too large for page by 58.78604pt on input line 1120.


Overfull \hbox (1.3141pt too wide) in paragraph at lines 1133--1138
[]\T1/lmr/bx/n/12 Systematic un-cer-tain-ties can be di-vided into two broad ca
t-e-gories: those
 []

[46] [47 <./nuthesis/images/bdtPlots_muons/low_vars1.pdf, page is rotated 90 de
grees> <./nuthesis/images/bdtPlots_muons/low_vars2.pdf, page is rotated 90 degr
ees>] [48 <./nuthesis/images/bdtPlots_muons/high_vars1.pdf, page is rotated 90 
degrees> <./nuthesis/images/bdtPlots_muons/high_vars2.pdf, page is rotated 90 d
egrees>] [49 <./nuthesis/images/bdtPlots_muons/low_bdt.pdf, page is rotated 90 
degrees> <./nuthesis/images/bdtPlots_muons/high_bdt.pdf, page is rotated 90 deg
rees>] [50 <./nuthesis/images/bdtPlots_muons/low_roc.pdf, page is rotated 90 de
grees> <./nuthesis/images/bdtPlots_muons/high_roc.pdf, page is rotated 90 degre
es>] [51 <./nuthesis/images/bdtPlots_muons/low_corS.pdf, page is rotated 90 deg
rees> <./nuthesis/images/bdtPlots_muons/low_corB.pdf, page is rotated 90 degree
s>] [52 <./nuthesis/images/bdtPlots_muons/high_corS.pdf, page is rotated 90 deg
rees> <./nuthesis/images/bdtPlots_muons/high_corB.pdf, page is rotated 90 degre
es>]
LaTeX Font Info:    Font shape `OMS/lmr/bx/n' in size <12> not available
(Font)              Font shape `OMS/lmsy/b/n' tried instead on input line 1153.



LaTeX Warning: Citation `CMS-PAS-LUM-17-001' on page 53 undefined on input line
 1155.


LaTeX Warning: Citation `Ball:2014uwa' on page 53 undefined on input line 1166.



LaTeX Warning: Citation `Botje:2011sn' on page 53 undefined on input line 1167.



LaTeX Warning: Citation `Alekhin:2011sk' on page 53 undefined on input line 116
7.

[53] [54] [55] [56] [57] [58] [59] [60]
Overfull \hbox (50.26305pt too wide) in paragraph at lines 1571--1577
 [] 
 []


<nuthesis/images/eles_bdt_vs_r/gr_limits__260GeV.pdf, id=2680, 569.12625pt x 38
6.44376pt>
File: nuthesis/images/eles_bdt_vs_r/gr_limits__260GeV.pdf Graphic file (type pd
f)
 <use nuthesis/images/eles_bdt_vs_r/gr_limits__260GeV.pdf>
Package pdftex.def Info: nuthesis/images/eles_bdt_vs_r/gr_limits__260GeV.pdf us
ed on input line 1589.
(pdftex.def)             Requested size: 181.45544pt x 123.21048pt.

<nuthesis/images/eles_bdt_vs_r/gr_limits__270GeV.pdf, id=2681, 569.12625pt x 38
6.44376pt>
File: nuthesis/images/eles_bdt_vs_r/gr_limits__270GeV.pdf Graphic file (type pd
f)
 <use nuthesis/images/eles_bdt_vs_r/gr_limits__270GeV.pdf>
Package pdftex.def Info: nuthesis/images/eles_bdt_vs_r/gr_limits__270GeV.pdf us
ed on input line 1590.
(pdftex.def)             Requested size: 181.45544pt x 123.21048pt.

<nuthesis/images/eles_bdt_vs_r/gr_limits__300GeV.pdf, id=2682, 569.12625pt x 38
6.44376pt>
File: nuthesis/images/eles_bdt_vs_r/gr_limits__300GeV.pdf Graphic file (type pd
f)
 <use nuthesis/images/eles_bdt_vs_r/gr_limits__300GeV.pdf>
Package pdftex.def Info: nuthesis/images/eles_bdt_vs_r/gr_limits__300GeV.pdf us
ed on input line 1591.
(pdftex.def)             Requested size: 181.45544pt x 123.21048pt.

<nuthesis/images/eles_bdt_vs_r/gr_limits__350GeV.pdf, id=2683, 569.12625pt x 38
6.44376pt>
File: nuthesis/images/eles_bdt_vs_r/gr_limits__350GeV.pdf Graphic file (type pd
f)
 <use nuthesis/images/eles_bdt_vs_r/gr_limits__350GeV.pdf>
Package pdftex.def Info: nuthesis/images/eles_bdt_vs_r/gr_limits__350GeV.pdf us
ed on input line 1592.
(pdftex.def)             Requested size: 181.45544pt x 123.21048pt.

<nuthesis/images/eles_bdt_vs_r/gr_limits__400GeV.pdf, id=2684, 569.12625pt x 38
6.44376pt>
File: nuthesis/images/eles_bdt_vs_r/gr_limits__400GeV.pdf Graphic file (type pd
f)
 <use nuthesis/images/eles_bdt_vs_r/gr_limits__400GeV.pdf>
Package pdftex.def Info: nuthesis/images/eles_bdt_vs_r/gr_limits__400GeV.pdf us
ed on input line 1593.
(pdftex.def)             Requested size: 181.45544pt x 123.21048pt.

<nuthesis/images/eles_bdt_vs_r/gr_limits__450GeV.pdf, id=2685, 569.12625pt x 38
6.44376pt>
File: nuthesis/images/eles_bdt_vs_r/gr_limits__450GeV.pdf Graphic file (type pd
f)
 <use nuthesis/images/eles_bdt_vs_r/gr_limits__450GeV.pdf>
Package pdftex.def Info: nuthesis/images/eles_bdt_vs_r/gr_limits__450GeV.pdf us
ed on input line 1594.
(pdftex.def)             Requested size: 181.45544pt x 123.21048pt.

<nuthesis/images/eles_bdt_vs_r/gr_limits__600GeV.pdf, id=2686, 569.12625pt x 38
6.44376pt>
File: nuthesis/images/eles_bdt_vs_r/gr_limits__600GeV.pdf Graphic file (type pd
f)
 <use nuthesis/images/eles_bdt_vs_r/gr_limits__600GeV.pdf>
Package pdftex.def Info: nuthesis/images/eles_bdt_vs_r/gr_limits__600GeV.pdf us
ed on input line 1595.
(pdftex.def)             Requested size: 181.45544pt x 123.21048pt.

<nuthesis/images/eles_bdt_vs_r/gr_limits__650GeV.pdf, id=2687, 569.12625pt x 38
6.44376pt>
File: nuthesis/images/eles_bdt_vs_r/gr_limits__650GeV.pdf Graphic file (type pd
f)
 <use nuthesis/images/eles_bdt_vs_r/gr_limits__650GeV.pdf>
Package pdftex.def Info: nuthesis/images/eles_bdt_vs_r/gr_limits__650GeV.pdf us
ed on input line 1596.
(pdftex.def)             Requested size: 181.45544pt x 123.21048pt.

<nuthesis/images/eles_bdt_vs_r/gr_limits__900GeV.pdf, id=2688, 569.12625pt x 38
6.44376pt>
File: nuthesis/images/eles_bdt_vs_r/gr_limits__900GeV.pdf Graphic file (type pd
f)
 <use nuthesis/images/eles_bdt_vs_r/gr_limits__900GeV.pdf>
Package pdftex.def Info: nuthesis/images/eles_bdt_vs_r/gr_limits__900GeV.pdf us
ed on input line 1597.
(pdftex.def)             Requested size: 181.45544pt x 123.21048pt.

<nuthesis/images/eles_bdt_vs_r/gr_limits__1000GeV.pdf, id=2689, 569.12625pt x 3
86.44376pt>
File: nuthesis/images/eles_bdt_vs_r/gr_limits__1000GeV.pdf Graphic file (type p
df)
 <use nuthesis/images/eles_bdt_vs_r/gr_limits__1000GeV.pdf>
Package pdftex.def Info: nuthesis/images/eles_bdt_vs_r/gr_limits__1000GeV.pdf u
sed on input line 1599.
(pdftex.def)             Requested size: 181.45544pt x 123.21048pt.

Underfull \hbox (badness 10000) in paragraph at lines 1589--1600
[][] []
 []


Underfull \hbox (badness 10000) in paragraph at lines 1589--1600
[] []
 []


Underfull \hbox (badness 10000) in paragraph at lines 1589--1600
[] []
 []


Underfull \hbox (badness 10000) in paragraph at lines 1589--1600
[] []
 []


LaTeX Warning: Float too large for page by 27.59618pt on input line 1602.


<nuthesis/images/muons_bdt_vs_r/gr_limits__260GeV.pdf, id=2690, 569.12625pt x 3
86.44376pt>
File: nuthesis/images/muons_bdt_vs_r/gr_limits__260GeV.pdf Graphic file (type p
df)
 <use nuthesis/images/muons_bdt_vs_r/gr_limits__260GeV.pdf>
Package pdftex.def Info: nuthesis/images/muons_bdt_vs_r/gr_limits__260GeV.pdf u
sed on input line 1607.
(pdftex.def)             Requested size: 181.45544pt x 123.21048pt.

<nuthesis/images/muons_bdt_vs_r/gr_limits__270GeV.pdf, id=2691, 569.12625pt x 3
86.44376pt>
File: nuthesis/images/muons_bdt_vs_r/gr_limits__270GeV.pdf Graphic file (type p
df)
 <use nuthesis/images/muons_bdt_vs_r/gr_limits__270GeV.pdf>
Package pdftex.def Info: nuthesis/images/muons_bdt_vs_r/gr_limits__270GeV.pdf u
sed on input line 1608.
(pdftex.def)             Requested size: 181.45544pt x 123.21048pt.

<nuthesis/images/muons_bdt_vs_r/gr_limits__300GeV.pdf, id=2692, 569.12625pt x 3
86.44376pt>
File: nuthesis/images/muons_bdt_vs_r/gr_limits__300GeV.pdf Graphic file (type p
df)
 <use nuthesis/images/muons_bdt_vs_r/gr_limits__300GeV.pdf>
Package pdftex.def Info: nuthesis/images/muons_bdt_vs_r/gr_limits__300GeV.pdf u
sed on input line 1609.
(pdftex.def)             Requested size: 181.45544pt x 123.21048pt.

<nuthesis/images/muons_bdt_vs_r/gr_limits__350GeV.pdf, id=2693, 569.12625pt x 3
86.44376pt>
File: nuthesis/images/muons_bdt_vs_r/gr_limits__350GeV.pdf Graphic file (type p
df)
 <use nuthesis/images/muons_bdt_vs_r/gr_limits__350GeV.pdf>
Package pdftex.def Info: nuthesis/images/muons_bdt_vs_r/gr_limits__350GeV.pdf u
sed on input line 1610.
(pdftex.def)             Requested size: 181.45544pt x 123.21048pt.

<nuthesis/images/muons_bdt_vs_r/gr_limits__400GeV.pdf, id=2694, 569.12625pt x 3
86.44376pt>
File: nuthesis/images/muons_bdt_vs_r/gr_limits__400GeV.pdf Graphic file (type p
df)
 <use nuthesis/images/muons_bdt_vs_r/gr_limits__400GeV.pdf>
Package pdftex.def Info: nuthesis/images/muons_bdt_vs_r/gr_limits__400GeV.pdf u
sed on input line 1611.
(pdftex.def)             Requested size: 181.45544pt x 123.21048pt.

<nuthesis/images/muons_bdt_vs_r/gr_limits__450GeV.pdf, id=2695, 569.12625pt x 3
86.44376pt>
File: nuthesis/images/muons_bdt_vs_r/gr_limits__450GeV.pdf Graphic file (type p
df)
 <use nuthesis/images/muons_bdt_vs_r/gr_limits__450GeV.pdf>
Package pdftex.def Info: nuthesis/images/muons_bdt_vs_r/gr_limits__450GeV.pdf u
sed on input line 1612.
(pdftex.def)             Requested size: 181.45544pt x 123.21048pt.

<nuthesis/images/muons_bdt_vs_r/gr_limits__600GeV.pdf, id=2696, 569.12625pt x 3
86.44376pt>
File: nuthesis/images/muons_bdt_vs_r/gr_limits__600GeV.pdf Graphic file (type p
df)
 <use nuthesis/images/muons_bdt_vs_r/gr_limits__600GeV.pdf>
Package pdftex.def Info: nuthesis/images/muons_bdt_vs_r/gr_limits__600GeV.pdf u
sed on input line 1613.
(pdftex.def)             Requested size: 181.45544pt x 123.21048pt.

<nuthesis/images/muons_bdt_vs_r/gr_limits__650GeV.pdf, id=2697, 569.12625pt x 3
86.44376pt>
File: nuthesis/images/muons_bdt_vs_r/gr_limits__650GeV.pdf Graphic file (type p
df)
 <use nuthesis/images/muons_bdt_vs_r/gr_limits__650GeV.pdf>
Package pdftex.def Info: nuthesis/images/muons_bdt_vs_r/gr_limits__650GeV.pdf u
sed on input line 1614.
(pdftex.def)             Requested size: 181.45544pt x 123.21048pt.

<nuthesis/images/muons_bdt_vs_r/gr_limits__900GeV.pdf, id=2698, 569.12625pt x 3
86.44376pt>
File: nuthesis/images/muons_bdt_vs_r/gr_limits__900GeV.pdf Graphic file (type p
df)
 <use nuthesis/images/muons_bdt_vs_r/gr_limits__900GeV.pdf>
Package pdftex.def Info: nuthesis/images/muons_bdt_vs_r/gr_limits__900GeV.pdf u
sed on input line 1615.
(pdftex.def)             Requested size: 181.45544pt x 123.21048pt.

<nuthesis/images/muons_bdt_vs_r/gr_limits__1000GeV.pdf, id=2699, 569.12625pt x 
386.44376pt>
File: nuthesis/images/muons_bdt_vs_r/gr_limits__1000GeV.pdf Graphic file (type 
pdf)
 <use nuthesis/images/muons_bdt_vs_r/gr_limits__1000GeV.pdf>
Package pdftex.def Info: nuthesis/images/muons_bdt_vs_r/gr_limits__1000GeV.pdf 
used on input line 1617.
(pdftex.def)             Requested size: 181.45544pt x 123.21048pt.

Underfull \hbox (badness 10000) in paragraph at lines 1607--1618
[][] []
 []


Underfull \hbox (badness 10000) in paragraph at lines 1607--1618
[] []
 []


Underfull \hbox (badness 10000) in paragraph at lines 1607--1618
[] []
 []


Underfull \hbox (badness 10000) in paragraph at lines 1607--1618
[] []
 []


LaTeX Warning: Float too large for page by 27.59618pt on input line 1620.


Overfull \hbox (97.71487pt too wide) in paragraph at lines 1626--1633
[]$\T1/lmr/bx/n/12 . 
 []


<nuthesis/images/limitHH_Nov16_graviton.pdf, id=2706, 569.12625pt x 552.0625pt>
File: nuthesis/images/limitHH_Nov16_graviton.pdf Graphic file (type pdf)
<use nuthesis/images/limitHH_Nov16_graviton.pdf>
Package pdftex.def Info: nuthesis/images/limitHH_Nov16_graviton.pdf used on inp
ut line 1656.
(pdftex.def)             Requested size: 281.85036pt x 273.41077pt.

<nuthesis/images/limitHH_Nov16_radion.pdf, id=2707, 569.12625pt x 552.0625pt>
File: nuthesis/images/limitHH_Nov16_radion.pdf Graphic file (type pdf)

<use nuthesis/images/limitHH_Nov16_radion.pdf>
Package pdftex.def Info: nuthesis/images/limitHH_Nov16_radion.pdf used on input
 line 1657.
(pdftex.def)             Requested size: 281.85036pt x 273.41077pt.


LaTeX Warning: Float too large for page by 22.33246pt on input line 1666.

[61]
LaTeX Font Info:    External font `lmex10' loaded for size
(Font)              <17.28> on input line 1855.


Package hyperref Warning: Token not allowed in a PDF string (PDFDocEncoding):
(hyperref)                removing `math shift' on input line 1855.


Package hyperref Warning: Token not allowed in a PDF string (PDFDocEncoding):
(hyperref)                removing `math shift' on input line 1855.

[62] [63] [64] [65]
<nuthesis/images/HH_combo_spin0.png, id=2740, 1194.4625pt x 820.06375pt>
File: nuthesis/images/HH_combo_spin0.png Graphic file (type png)

<use nuthesis/images/HH_combo_spin0.png>
Package pdftex.def Info: nuthesis/images/HH_combo_spin0.png used on input line 
1914.
(pdftex.def)             Requested size: 281.85036pt x 193.50333pt.

<nuthesis/images/HH_combo_spin2.png, id=2741, 1207.51125pt x 825.0825pt>
File: nuthesis/images/HH_combo_spin2.png Graphic file (type png)

<use nuthesis/images/HH_combo_spin2.png>
Package pdftex.def Info: nuthesis/images/HH_combo_spin2.png used on input line 
1915.
(pdftex.def)             Requested size: 281.85036pt x 192.58508pt.
 [66])
(./nuthesis/sections/Conclusions.tex [67 <./nuthesis/images/HH_combo_spin0.png>
 <./nuthesis/images/HH_combo_spin2.png>] [68 <./nuthesis/images/eles_bdt_vs_r/g
r_limits__260GeV.pdf, page is rotated 90 degrees> <./nuthesis/images/eles_bdt_v
s_r/gr_limits__270GeV.pdf, page is rotated 90 degrees> <./nuthesis/images/eles_
bdt_vs_r/gr_limits__300GeV.pdf, page is rotated 90 degrees> <./nuthesis/images/
eles_bdt_vs_r/gr_limits__350GeV.pdf, page is rotated 90 degrees> <./nuthesis/im
ages/eles_bdt_vs_r/gr_limits__400GeV.pdf, page is rotated 90 degrees> <./nuthes
is/images/eles_bdt_vs_r/gr_limits__450GeV.pdf, page is rotated 90 degrees> <./n
uthesis/images/eles_bdt_vs_r/gr_limits__600GeV.pdf, page is rotated 90 degrees>
 <./nuthesis/images/eles_bdt_vs_r/gr_limits__650GeV.pdf, page is rotated 90 deg
rees> <./nuthesis/images/eles_bdt_vs_r/gr_limits__900GeV.pdf, page is rotated 9
0 degrees> <./nuthesis/images/eles_bdt_vs_r/gr_limits__1000GeV.pdf, page is rot
ated 90 degrees>] [69 <./nuthesis/images/muons_bdt_vs_r/gr_limits__260GeV.pdf, 
page is rotated 90 degrees> <./nuthesis/images/muons_bdt_vs_r/gr_limits__270GeV
.pdf, page is rotated 90 degrees> <./nuthesis/images/muons_bdt_vs_r/gr_limits__
300GeV.pdf, page is rotated 90 degrees> <./nuthesis/images/muons_bdt_vs_r/gr_li
mits__350GeV.pdf, page is rotated 90 degrees> <./nuthesis/images/muons_bdt_vs_r
/gr_limits__400GeV.pdf, page is rotated 90 degrees> <./nuthesis/images/muons_bd
t_vs_r/gr_limits__450GeV.pdf, page is rotated 90 degrees> <./nuthesis/images/mu
ons_bdt_vs_r/gr_limits__600GeV.pdf, page is rotated 90 degrees> <./nuthesis/ima
ges/muons_bdt_vs_r/gr_limits__650GeV.pdf, page is rotated 90 degrees> <./nuthes
is/images/muons_bdt_vs_r/gr_limits__900GeV.pdf, page is rotated 90 degrees> <./
nuthesis/images/muons_bdt_vs_r/gr_limits__1000GeV.pdf, page is rotated 90 degre
es>] [70 <./nuthesis/images/limitHH_Nov16_graviton.pdf, page is rotated 90 degr
ees> <./nuthesis/images/limitHH_Nov16_radion.pdf, page is rotated 90 degrees>]
[71

] [72]) (./skeleton.bbl
bibitemlist
LaTeX Font Info:    Font shape `T1/lmtt/bx/n' in size <12> not available
(Font)              Font shape `T1/lmtt/b/n' tried instead on input line 12.
[73



] [74] [75] [76]
Underfull \hbox (badness 1558) in paragraph at lines 209--213
[]\T1/lmr/bx/n/12 Jose An-dres Mon-roy Mon-tanez, Ken-neth Bloom, and Aaron
 []

[77] [78] [79] [80] [81]
Underfull \hbox (badness 10000) in paragraph at lines 463--467
[]$\T1/lmtt/b/n/12 https : / / www . i2u2 . org / elab / cms / library / ref-[]
mass-[]energy-[]momentum .
 []

[82] [83]
Underfull \hbox (badness 10000) in paragraph at lines 525--528
[]\T1/lmr/bx/n/12 Comparison of nui-sances for back-ground
 []


Underfull \hbox (badness 10000) in paragraph at lines 525--528
\T1/lmr/bx/n/12 only case, 350 GeV mass hy-poth-e-sis.
 []


Overfull \hbox (195.31416pt too wide) in paragraph at lines 525--528
\T1/lmr/bx/n/12 http://rkamalie.web.cern.ch/rkamalie/feb12/Comparison_of_nuisan
ces_expectedSignal0_350.html. 
 []


Overfull \hbox (195.31416pt too wide) in paragraph at lines 530--533
\T1/lmr/bx/n/12 http://rkamalie.web.cern.ch/rkamalie/feb12/Comparison_of_nuisan
ces_expectedSignal1_350.html. 
 []


Overfull \hbox (184.68765pt too wide) in paragraph at lines 535--538
[]\T1/lmr/bx/n/12 k-factor for DY/Z.  https://twiki.cern.ch/twiki/bin/viewauth/
CMS/SummaryTable1G25ns#DY_Z. 
 []


Underfull \hbox (badness 10000) in paragraph at lines 540--542
[]\T1/lmr/bx/n/12 The LHC Higgs cross-section work-ing group.
 []


Underfull \hbox (badness 10000) in paragraph at lines 544--547
[]\T1/lmr/bx/n/12 Standard Model Cross Sec-tions for CMS at 13 TeV.
 []


Overfull \hbox (164.22968pt too wide) in paragraph at lines 544--547
\T1/lmr/bx/n/12 https://twiki.cern.ch/twiki/bin/viewauth/CMS/StandardModelCross
Sectionsat13TeVInclusive. 
 []


Underfull \hbox (badness 3240) in paragraph at lines 549--552
[]\T1/lmr/bx/n/12 SM Higgs pro-duc-tion cross sec-tions at sqrt(s) = 13 TeV.
 []


Overfull \hbox (283.89694pt too wide) in paragraph at lines 549--552
\T1/lmr/bx/n/12 https://twiki.cern.ch/twiki/bin/view/LHCPhysics/CERNYellowRepor
tPageAt13TeV#ZHllH_H_l_e_or_Process. 
 []


Underfull \hbox (badness 10000) in paragraph at lines 554--557
[]\T1/lmr/bx/n/12 NNLO+NNLL top-quark-pair cross sec-tions.
 []


Overfull \hbox (209.57555pt too wide) in paragraph at lines 554--557
\T1/lmr/bx/n/12 https://twiki.cern.ch/twiki/bin/view/LHCPhysics/TtbarNNLO#Top_q
uark_pair_cross_sections_at. 
 []


Overfull \hbox (138.20665pt too wide) in paragraph at lines 559--561
[]\T1/lmr/bx/n/12 Single Top Cross sec-tions.  https://twiki.cern.ch/twiki/bin/
viewauth/CMS/SingleTopSigma. 
 []


Overfull \hbox (408.77126pt too wide) in paragraph at lines 563--566
[]\T1/lmr/bx/n/12 CMS GEN XSEC Task Force.  https://twiki.cern.ch/twiki/bin/vie
wauth/CMS/GenXsecTaskForce#Space_for_Various_Processes_Welc. 
 []


Underfull \hbox (badness 10000) in paragraph at lines 568--572
[]\T1/lmr/bx/n/12 SM Higgs Branch-ing Ra-tios and To-tal De-
 []


Underfull \hbox (badness 10000) in paragraph at lines 568--572
\T1/lmr/bx/n/12 cay Widths (up-date in CERN Re-port4 2016).
 []


Overfull \hbox (229.98157pt too wide) in paragraph at lines 568--572
\T1/lmr/bx/n/12 https://twiki.cern.ch/twiki/bin/view/LHCPhysics/CERNYellowRepor
tPageBR#Higgs_2_gauge_bosons. 
 []

[84]
Underfull \hbox (badness 3701) in paragraph at lines 579--583
[]\T1/lmr/bx/n/12 Stefano Frix-ione, Paolo Na-son, and Gio-vanni Ri-dolfi.  A
 []

[85]
Underfull \hbox (badness 4254) in paragraph at lines 632--636
[]\T1/lmr/bx/n/12 Gael L. Per-rin, Pe-dro Fer-nan-dez Man-teca.  Muon Iden-
 []


Underfull \hbox (badness 10000) in paragraph at lines 632--636
\T1/lmr/bx/n/12 ti-fi-ca-tion and Iso-la-tion Scale-Factors on 2016 Dataset.
 []


Underfull \hbox (badness 10000) in paragraph at lines 632--636
[]$\T1/lmtt/b/n/12 https : / / indico . cern . ch / event / 611558 / contributi
ons / 2465881 /
 []


Underfull \hbox (badness 10000) in paragraph at lines 638--642
\T1/lmtt/b/n/12 cern . ch / twiki / bin / view / CMS / MuonWorkInProgressAndPag
Results #
 []


Underfull \hbox (badness 10000) in paragraph at lines 644--648
[]$\T1/lmtt/b/n/12 https : / / indico . cern . ch / event / 636555 / contributi
ons / 2577291 /
 []

[86]
Underfull \hbox (badness 4479) in paragraph at lines 671--675
[]\T1/lmr/bx/n/12 CMS Higgs PAG.  List of ques-tion for the preap-proval
 []


Underfull \hbox (badness 2269) in paragraph at lines 671--675
\T1/lmr/bx/n/12 checks.  []$\T1/lmtt/b/n/12 https : / / twiki . cern . ch / twi
ki / bin / viewauth / CMS / HiggsWG /
 []


Underfull \hbox (badness 10000) in paragraph at lines 677--681
[]\T1/lmr/bx/n/12 CMS BTV POG.  Sup-ported Al-go-rithms and Op-er-at-
 []


Underfull \hbox (badness 10000) in paragraph at lines 677--681
\T1/lmr/bx/n/12 ing Points.  []$\T1/lmtt/b/n/12 https : / / twiki . cern . ch /
 twiki / bin / viewauth / CMS /
 []

[87] [88] [89]
Underfull \hbox (badness 2134) in paragraph at lines 836--841
[]\T1/lmr/bx/n/12 ATLAS Col-lab-o-ra-tion.  Search for the Higgs bo-son in the
 []

[90] [91]
Underfull \hbox (badness 1097) in paragraph at lines 901--905
[]\T1/lmr/bx/n/12 Chris Palmer.  VHbb Elec-tron Trig-ger and ID+ISO SFs for
 []


Underfull \hbox (badness 10000) in paragraph at lines 901--905
\T1/lmtt/b/n/12 2543520 / attachments / 1439974 / 2216426 / VHbb _ TnP _ SFs _ 
egamma _ april .
 []


Underfull \hbox (badness 10000) in paragraph at lines 901--905
\T1/lmtt/b/n/12 pdf # search = vhbb % 20AND % 20cerntaxonomy % 3A % 22Indico % 
2FExperiments %
 []


Underfull \hbox (badness 6725) in paragraph at lines 912--916
[]\T1/lmr/bx/n/12 CMS MET group.  MET Cor-rec-tions and Un-cer-tain-ties
 []


Underfull \hbox (badness 10000) in paragraph at lines 912--916
\T1/lmr/bx/n/12 for Run-II.  []$\T1/lmtt/b/n/12 https : / / twiki . cern . ch /
 twiki / bin / viewauth / CMS /
 []


Underfull \hbox (badness 10000) in paragraph at lines 918--922
[]\T1/lmr/bx/n/12 CMS MET group.  MET Fil-ter Rec-om-men-da-tions
 []


Underfull \hbox (badness 10000) in paragraph at lines 918--922
\T1/lmr/bx/n/12 for Run II.  []$\T1/lmtt/b/n/12 https : / / twiki . cern . ch /
 twiki / bin / view / CMS /
 []


Underfull \hbox (badness 3354) in paragraph at lines 924--928
[]\T1/lmr/bx/n/12 CMS EGM POG.  Mul-ti-vari-ate Elec-tron Iden-ti-fi-ca-tion fo
r
 []

[92]
Underfull \hbox (badness 3260) in paragraph at lines 943--947
[]\T1/lmr/bx/n/12 CMS Higgs WG.  Binned shape anal-y-sis with the Higgs
 []


Underfull \hbox (badness 2343) in paragraph at lines 943--947
\T1/lmr/bx/n/12 Com-bi-na-tion Tool.  []$\T1/lmtt/b/n/12 https : / / twiki . ce
rn . ch / twiki / bin / view / CMS /
 []

[93] [94])

Class memoir Warning: The material used in the footer is too large
(10.14995pt) for the given foot skip (0.0pt), it is recommended to
either increase the foot skip or redesign the fotoer
(in both cases you will find help in the memoir manual). on input line 335.

[95]
\tf@toc=\write5
\openout5 = `skeleton.toc'.

\tf@lof=\write6
\openout6 = `skeleton.lof'.

\tf@lot=\write7
\openout7 = `skeleton.lot'.

Package atveryend Info: Empty hook `BeforeClearDocument' on input line 335.
Package atveryend Info: Empty hook `AfterLastShipout' on input line 335.
 (./skeleton.aux)
Package atveryend Info: Executing hook `AtVeryEndDocument' on input line 335.
Package atveryend Info: Executing hook `AtEndAfterFileList' on input line 335.
Package rerunfilecheck Info: File `skeleton.out' has not changed.
(rerunfilecheck)             Checksum: 33C1A2BD1B6ACBFFF4063ACC6547579D;2425.


LaTeX Warning: There were undefined references.


LaTeX Warning: Label(s) may have changed. Rerun to get cross-references right.

Package atveryend Info: Empty hook `AtVeryVeryEnd' on input line 335.
 ) 
Here is how much of TeX's memory you used:
 16023 strings out of 493014
 246030 string characters out of 6133350
 400211 words of memory out of 5000000
 18793 multiletter control sequences out of 15000+600000
 147981 words of font info for 129 fonts, out of 8000000 for 9000
 1144 hyphenation exceptions out of 8191
 52i,14n,46p,1371b,496s stack positions out of 5000i,500n,10000p,200000b,80000s
{/usr/local/texlive/2016/texmf-dist/fonts/enc/dvips/lm/lm-ec.enc}{/usr/local/
texlive/2016/texmf-dist/fonts/enc/dvips/lm/lm-mathit.enc}{/usr/local/texlive/20
16/texmf-dist/fonts/enc/dvips/lm/lm-rm.enc}{/usr/local/texlive/2016/texmf-dist/
fonts/enc/dvips/lm/lm-mathsy.enc}{/usr/local/texlive/2016/texmf-dist/fonts/enc/
dvips/lm/lm-mathex.enc}</usr/local/texlive/2016/texmf-dist/fonts/type1/public/l
m/lmbsy10.pfb></usr/local/texlive/2016/texmf-dist/fonts/type1/public/lm/lmbx10.
pfb></usr/local/texlive/2016/texmf-dist/fonts/type1/public/lm/lmbx12.pfb></usr/
local/texlive/2016/texmf-dist/fonts/type1/public/lm/lmbx8.pfb></usr/local/texli
ve/2016/texmf-dist/fonts/type1/public/lm/lmbxi10.pfb></usr/local/texlive/2016/t
exmf-dist/fonts/type1/public/lm/lmcsc10.pfb></usr/local/texlive/2016/texmf-dist
/fonts/type1/public/lm/lmex10.pfb></usr/local/texlive/2016/texmf-dist/fonts/typ
e1/public/lm/lmmi10.pfb></usr/local/texlive/2016/texmf-dist/fonts/type1/public/
lm/lmmi12.pfb></usr/local/texlive/2016/texmf-dist/fonts/type1/public/lm/lmmi6.p
fb></usr/local/texlive/2016/texmf-dist/fonts/type1/public/lm/lmmi8.pfb></usr/lo
cal/texlive/2016/texmf-dist/fonts/type1/public/lm/lmr10.pfb></usr/local/texlive
/2016/texmf-dist/fonts/type1/public/lm/lmr12.pfb></usr/local/texlive/2016/texmf
-dist/fonts/type1/public/lm/lmr6.pfb></usr/local/texlive/2016/texmf-dist/fonts/
type1/public/lm/lmr8.pfb></usr/local/texlive/2016/texmf-dist/fonts/type1/public
/lm/lmri10.pfb></usr/local/texlive/2016/texmf-dist/fonts/type1/public/lm/lmri12
.pfb></usr/local/texlive/2016/texmf-dist/fonts/type1/public/lm/lmsy10.pfb></usr
/local/texlive/2016/texmf-dist/fonts/type1/public/lm/lmsy8.pfb></usr/local/texl
ive/2016/texmf-dist/fonts/type1/public/lm/lmtk10.pfb></usr/local/texlive/2016/t
exmf-dist/fonts/type1/public/lm/lmtt12.pfb>
Output written on skeleton.pdf (107 pages, 2659226 bytes).
PDF statistics:
 4150 PDF objects out of 4296 (max. 8388607)
 2351 compressed objects within 24 object streams
 366 named destinations out of 1000 (max. 500000)
 721 words of extra memory for PDF output out of 10000 (max. 10000000)

