\BOOKMARK [0][-]{section*.1}{List of Figures}{}% 1
\BOOKMARK [0][-]{section*.2}{List of Tables}{}% 2
\BOOKMARK [0][-]{chapter.1}{LHC and the CMS experiment}{}% 3
\BOOKMARK [1][-]{section.1.1}{The Large Hadron Collider}{chapter.1}% 4
\BOOKMARK [2][-]{subsection.1.1.1}{The history of the LHC}{section.1.1}% 5
\BOOKMARK [2][-]{subsection.1.1.2}{The layout of the LHC}{section.1.1}% 6
\BOOKMARK [2][-]{subsection.1.1.3}{LHC operations}{section.1.1}% 7
\BOOKMARK [2][-]{subsection.1.1.4}{Luminocity}{section.1.1}% 8
\BOOKMARK [2][-]{subsection.1.1.5}{LHC infrastructure}{section.1.1}% 9
\BOOKMARK [3][-]{subsubsection.1.1.5.1}{Magnets}{subsection.1.1.5}% 10
\BOOKMARK [3][-]{subsubsection.1.1.5.2}{Cooling System}{subsection.1.1.5}% 11
\BOOKMARK [3][-]{subsubsection.1.1.5.3}{Radio Frequency Cavities}{subsection.1.1.5}% 12
\BOOKMARK [3][-]{subsubsection.1.1.5.4}{Vacuum System}{subsection.1.1.5}% 13
\BOOKMARK [1][-]{section.1.2}{The CMS experiment}{chapter.1}% 14
\BOOKMARK [2][-]{subsection.1.2.1}{The CMS coordinate system}{section.1.2}% 15
\BOOKMARK [2][-]{subsection.1.2.2}{The Inner Tracker}{section.1.2}% 16
\BOOKMARK [2][-]{subsection.1.2.3}{The ECAL}{section.1.2}% 17
\BOOKMARK [2][-]{subsection.1.2.4}{The HCAL}{section.1.2}% 18
\BOOKMARK [2][-]{subsection.1.2.5}{The Superconding Solenoid}{section.1.2}% 19
\BOOKMARK [2][-]{subsection.1.2.6}{The Muon Tracker}{section.1.2}% 20
\BOOKMARK [2][-]{subsection.1.2.7}{The Triggers and DAQ}{section.1.2}% 21
\BOOKMARK [3][-]{subsubsection.1.2.7.1}{The L1 Trigger}{subsection.1.2.7}% 22
\BOOKMARK [3][-]{subsubsection.1.2.7.2}{The HLT Trigger}{subsection.1.2.7}% 23
\BOOKMARK [3][-]{subsubsection.1.2.7.3}{The DAQ system}{subsection.1.2.7}% 24
\BOOKMARK [2][-]{subsection.1.2.8}{The CMS design}{section.1.2}% 25
\BOOKMARK [0][-]{chapter.2}{Physics Object Reconstruction in CMS}{}% 26
\BOOKMARK [1][-]{section.2.1}{Track Reconstruction}{chapter.2}% 27
\BOOKMARK [2][-]{subsection.2.1.1}{Muon tracking}{section.2.1}% 28
\BOOKMARK [2][-]{subsection.2.1.2}{Electron tracking}{section.2.1}% 29
\BOOKMARK [2][-]{subsection.2.1.3}{Primary Vertex reconstruction}{section.2.1}% 30
\BOOKMARK [1][-]{section.2.2}{Particle level objects}{chapter.2}% 31
\BOOKMARK [2][-]{subsection.2.2.1}{Particle Flow links and blocks}{section.2.2}% 32
\BOOKMARK [2][-]{subsection.2.2.2}{Muons}{section.2.2}% 33
\BOOKMARK [2][-]{subsection.2.2.3}{Electrons and isolated photons}{section.2.2}% 34
\BOOKMARK [2][-]{subsection.2.2.4}{Hadrons and non-isolated photons}{section.2.2}% 35
\BOOKMARK [2][-]{subsection.2.2.5}{Jets and jet corrections}{section.2.2}% 36
\BOOKMARK [1][-]{section.2.3}{Other important physics quantities and objects}{chapter.2}% 37
\BOOKMARK [2][-]{subsection.2.3.1}{The b tagging and secondary vertices}{section.2.3}% 38
\BOOKMARK [2][-]{subsection.2.3.2}{Missing transverse momentum}{section.2.3}% 39
\BOOKMARK [2][-]{subsection.2.3.3}{Pileup interactions}{section.2.3}% 40
\BOOKMARK [2][-]{subsection.2.3.4}{Lepton isolation}{section.2.3}% 41
\BOOKMARK [2][-]{subsection.2.3.5}{Datasets and Trigger Paths}{section.2.3}% 42
\BOOKMARK [2][-]{subsection.2.3.6}{Data-Monte Carlo corrections}{section.2.3}% 43
\BOOKMARK [3][-]{subsubsection.2.3.6.1}{Lepton efficiencies and the Tag-and-Probe method}{subsection.2.3.6}% 44
\BOOKMARK [3][-]{subsubsection.2.3.6.2}{b tagging efficiency}{subsection.2.3.6}% 45
\BOOKMARK [0][-]{subsubsection.2.3.6.2}{Bibliography}{}% 46
\BOOKMARK [0][-]{section*.20}{References}{}% 47
