This is pdfTeX, Version 3.14159265-2.6-1.40.17 (TeX Live 2016) (preloaded format=pdflatex 2016.10.14)  10 JUN 2019 15:12
entering extended mode
 restricted \write18 enabled.
 file:line:error style messages enabled.
 %&-line parsing enabled.
**bibl.bib
(./bibl.bib
LaTeX2e <2016/03/31>
Babel <3.9r> and hyphenation patterns for 83 language(s) loaded.

./bibl.bib:1: LaTeX Error: Missing \begin{document}.

See the LaTeX manual or LaTeX Companion for explanation.
Type  H <return>  for immediate help.
 ...                                              
                                                  
l.1 -
     -- COMMENTS may be placed outside the @ENTRYTYPE{ ... } stuctures
? 
./bibl.bib:1: Emergency stop.
 ...                                              
                                                  
l.1 -
     -- COMMENTS may be placed outside the @ENTRYTYPE{ ... } stuctures
You're in trouble here.  Try typing  <return>  to proceed.
If that doesn't work, type  X <return>  to quit.

 
Here is how much of TeX's memory you used:
 7 strings out of 493014
 252 string characters out of 6133350
 53601 words of memory out of 5000000
 3648 multiletter control sequences out of 15000+600000
 3640 words of font info for 14 fonts, out of 8000000 for 9000
 1141 hyphenation exceptions out of 8191
 5i,0n,4p,77b,14s stack positions out of 5000i,500n,10000p,200000b,80000s
./bibl.bib:1:  ==> Fatal error occurred, no output PDF file produced!
